------------------------------
xmls that are missing completely
------------------------------
Russian\DefInjected\JobDef\TraitJobDefs.xml
Russian\DefInjected\PawnActivityDef\PawnActivities.xml
Russian\DefInjected\PawnKindDef\PawnKinds_Animals_Tropical.xml
Russian\DefInjected\RecipeDef\Recipes_Apparel.xml
Russian\DefInjected\RecipeDef\Recipes_Medical.xml
Russian\DefInjected\StatDef\Stats_Pawns_Combat.xml
Russian\DefInjected\StatDef\Stats_Pawns_Medical.xml
Russian\DefInjected\StatDef\Stats_Pawns_Primary.xml
Russian\DefInjected\StatDef\Stats_Pawns_Social.xml
Russian\DefInjected\StatDef\Stats_Pawns_WorkGeneral.xml
Russian\DefInjected\StatDef\Stats_Pawns_WorkRecipes.xml
Russian\DefInjected\ThingDef\Plants_Wild_Tropical.xml
Russian\DefInjected\ThingDef\Things_Special.xml
Russian\DefInjected\ThingDef\Weapons_Melee.xml
------------------------------
xmls that are overtranslated (missing in reference language)
------------------------------
Ukrainian\DefInjected\PawnStatDef\PawnStats.xml
Ukrainian\DefInjected\SkillNeedDef\SkillNeedsGeneral.xml
Ukrainian\DefInjected\ThingDef\Items_Various.xml
------------------------------
In PawnKinds_Animals_Arid.xml missing translation for: 
Rhinoceros.label
Dromedary.label
2
In PawnKinds_Animals_Temperate.xml missing translation for: 
Tortoise.label
1
In PawnKinds_Pirates.xml missing translation for: 
Thrasher.label
1
In Terrain_Natural.xml missing translation for: 
MarshyTerrain.label
Marsh.label
2
In Races_Animals.xml missing translation for: 
Muffalo_Leather.label
Muffalo_Meat.label
Deer_Leather.label
Deer_Meat.label
Squirrel_Leather.label
Squirrel_Meat.label
WildBoar.label
WildBoar.description
WildBoar_Leather.label
WildBoar_Meat.label
Rhinoceros.label
Rhinoceros.description
Rhinoceros_Leather.label
Rhinoceros_Meat.label
Dromedary.label
Dromedary.description
Dromedary_Leather.label
Dromedary_Meat.label
Boomrat_Leather.label
Boomrat_Meat.label
Iguana_Leather.label
Iguana_Meat.label
Megascarab_Meat.label
Tortoise.label
Tortoise.description
Tortoise_Leather.label
Tortoise_Meat.label
Cobra.label
Cobra.description
Cobra_Leather.label
Cobra_Meat.label
Monkey.label
Monkey.description
Monkey_Leather.label
Monkey_Meat.label
35
In Races_Humanoid.xml missing translation for: 
Human_Leather.label
Human_Meat.label
2
In Thoughts_ConditionsGeneral.xml missing translation for: 
Sick.label
Sick.description
2
In Thoughts_ConditionsSpecial.xml missing translation for: 
MasochistLittlePain.label
MasochistLittlePain.description
MasochistMediumPain.label
MasochistMediumPain.description
MasochistSeverePain.label
MasochistSeverePain.description
MasochistInShock.label
MasochistInShock.description
ProsthophileHappy.label
ProsthophileHappy.description
ProsthophobeUnhappy.label
ProsthophobeUnhappy.description
BrawlerUnhappy.label
BrawlerUnhappy.description
14
In Thoughts_Memories.xml missing translation for: 
AbrasiveTalk.label
AbrasiveTalk.description
GreenThumbHappy.label
GreenThumbHappy.description
4
In BaseTraderKinds.xml missing translation for: 
ExoticTrader.label
1
In BaseWorkGivers.xml missing translation for: 
DoBillsMakeClothes.verb
DoBillsMakeClothes.gerund
TakeToBedToOperate.verb
TakeToBedToOperate.gerund
DoBillsMedicalHumanOperation.verb
DoBillsMedicalHumanOperation.gerund
DoBillsMedicalMechanoidOperation.verb
DoBillsMedicalMechanoidOperation.gerund
8
In Alerts.xml missing translation for: 
ColonistsAwaitingMedicalOperation
ColonistsAwaitingMedicalOperationDesc
PawnsWithLifeThreateningDisease
PawnsWithLifeThreateningDiseaseDesc
PawnsWithLifeThreateningDiseaseAmputationDesc
5
In ConceptDefs.xml missing translation for: 
ConceptText_MedicalOperations
1
In Designators.xml missing translation for: 
UnchosenStuff
InteractionSpotOutOfBounds
2
In DialogsVarious.xml missing translation for: 
BillRequires
UsableIngredients
baseMarketValue
NaturalArmorCovers
BodyPartEfficiency
DragToTrade
BuyPriceDesc
SellPriceDesc
PriceTypeDesc
ColonyCount
TraderCount
AcceptButton
ResetButton
CancelButton
TraderHasNoMore
ColonyHasNoMore
TraderWillNotTrade
StatsReport_BaseValue
StatsReport_RelevantTraits
StatsReport_RelevantGear
StatsReport_Material
StatsReport_CharacterQuality
StatsReport_Skills
StatsReport_OtherStats
StatsReport_HealthFactors
HealthFactorPercentImpact
StatsReport_PostProcessed
StatsReport_FinalValue
28
In FloatMenu.xml missing translation for: 
NoManipulationSkill
EquipWarningBrawler
2
In Gameplay.xml missing translation for: 
UntreatedLower
RecoveringDiseaseLower
InjuryRequiresTreatment
NextTreatmentAfter
MissingMedicalBillIngredient
ImmunityDevelopmentProgress
ReportSleeping
ReportResting
Enhanced
TabRace
TabBasics
TabStats
DamageDeflection
RemovedBodyPart
Injured
AffectsLower
BleedingRate
HealthOverview
MedicalOperationsShort
MedicalOperationsMechanoidsShort
MedicalOperations
Amputate
Harvest
SeedLabel
CategorizedResourceReadoutToggleButton
NoStuffsToBuildWith
UseNeurotrainer
NeurotrainerUsed
28
In GameplayCommands.xml missing translation for: 
CommandToggleDoorLock
CommandToggleDoorLockDesc
2
In Letters.xml missing translation for: 
Birthday
BirthdayWithInjuries
NewDisease
NewPartDisease
4
In Menus_Main.xml missing translation for: 
BaseAlreadyThere
FactionBase
PermanentMoodEffect
Pain
4
In Messages.xml missing translation for: 
MessageNoMedicalBeds
PawnDiedBecauseOf
MessageNoLongerDowned
3
In Misc.xml missing translation for: 
LeatherLabel
LeatherDesc
DeadLabel
ThingMadeOfStuffLabel
VariousLabel
5
Total untranslated tags count: 156
==============================
Execution time: 3.82899999619s
