------------------------------
xmls that are missing completely
------------------------------
Russian\DefInjected\BrokenStateDef\BrokenStates.xml
++++++++++++++++++++++++++++++
	Psychotic.label
	Psychotic.beginLetter
	Psychotic.recoveryMessage
	Psychotic.inspectLine
	DazedWander.label
	DazedWander.beginLetter
	DazedWander.recoveryMessage
	DazedWander.inspectLine
	BingingAlcohol.label
	BingingAlcohol.beginLetter
	BingingAlcohol.recoveryMessage
	BingingAlcohol.inspectLine
	PanicFlee.label
	PanicFlee.beginLetter
	PanicFlee.recoveryMessage
	PanicFlee.inspectLine
	GiveUpExit.label
	GiveUpExit.beginLetter
	GiveUpExit.recoveryMessage
	GiveUpExit.inspectLine
++++++++++++++++++++++++++++++
Russian\DefInjected\HediffDef\Hediffs_Drugs.xml
++++++++++++++++++++++++++++++
	Alcohol.label
	rep_Alcohol.stagedProps.severityStages[0].label
	rep_Alcohol.stagedProps.severityStages[1].label
	rep_Alcohol.stagedProps.severityStages[2].label
	rep_Alcohol.stagedProps.severityStages[3].label
	rep_Alcohol.stagedProps.severityStages[4].label
	rep_Alcohol.stagedProps.severityStages[5].label
	Hangover.label
	rep_Hangover.stagedProps.severityStages[0].label
	rep_Hangover.stagedProps.severityStages[1].label
	rep_Hangover.stagedProps.severityStages[2].label
	rep_Hangover.stagedProps.severityStages[3].label
++++++++++++++++++++++++++++++
Russian\DefInjected\RecipeDef\Recipes_Drugs.xml
++++++++++++++++++++++++++++++
	BrewBeer.label
	BrewBeer.description
	BrewBeer.jobString
++++++++++++++++++++++++++++++
Russian\DefInjected\StatDef\Stats_Weapons_Ranged.xml
++++++++++++++++++++++++++++++
	AccuracyTouch.label
	AccuracyTouch.description
	AccuracyShort.label
	AccuracyShort.description
	AccuracyMedium.label
	AccuracyMedium.description
	AccuracyLong.label
	AccuracyLong.description
	RangedWeapon_Cooldown.label
	RangedWeapon_Cooldown.description
++++++++++++++++++++++++++++++
Russian\DefInjected\ThingDef\Apparel_Shield.xml
++++++++++++++++++++++++++++++
	Apparel_PersonalShield.label
	Apparel_PersonalShield.description
++++++++++++++++++++++++++++++
Russian\DefInjected\ThingDef\Items_Drugs.xml
++++++++++++++++++++++++++++++
	Beer.label
	Beer.description
++++++++++++++++++++++++++++++
Russian\DefInjected\ThoughtDef\Thoughts_Drugs.xml
++++++++++++++++++++++++++++++
	rep_Inebriated.stages[1].label
	rep_Inebriated.stages[1].description
	rep_Inebriated.stages[2].label
	rep_Inebriated.stages[2].description
	rep_Inebriated.stages[3].label
	rep_Inebriated.stages[3].description
	rep_Inebriated.stages[4].label
	rep_Inebriated.stages[4].description
	rep_Hungover.stages[0].label
	rep_Hungover.stages[0].description
	rep_Hungover.stages[1].label
	rep_Hungover.stages[1].description
	rep_Hungover.stages[2].label
	rep_Hungover.stages[2].description
++++++++++++++++++++++++++++++
------------------------------
xmls that are overtranslated (missing in reference language)
------------------------------
Ukrainian\DefInjected\RecipeDef\Recipes_Art.xml
++++++++++++++++++++++++++++++
	MakeSculptureAbstract.label
	MakeSculptureAbstract.description
	MakeSculptureAbstract.jobString
++++++++++++++++++++++++++++++
------------------------------
In Hediffs_AddedParts.xml missing translation for: 
	ScytherBlade.label
Total here: 1
In Hediffs_Infections.xml missing translation for: 
	rep_WoundInfection.stagedProps.severityStages[0].label
	rep_WoundInfection.stagedProps.severityStages[1].label
	rep_WoundInfection.stagedProps.severityStages[2].label
	rep_WoundInfection.stagedProps.severityStages[3].label
	rep_WoundInfection.stagedProps.severityStages[4].label
	rep_Flu.stagedProps.severityStages[0].label
	rep_Flu.stagedProps.severityStages[1].label
	rep_Flu.stagedProps.severityStages[2].label
	rep_Flu.stagedProps.severityStages[3].label
	rep_Flu.stagedProps.severityStages[4].label
	rep_Plague.stagedProps.severityStages[0].label
	rep_Plague.stagedProps.severityStages[1].label
	rep_Plague.stagedProps.severityStages[2].label
	rep_Plague.stagedProps.severityStages[3].label
	rep_Plague.stagedProps.severityStages[4].label
	rep_Plague.stagedProps.severityStages[5].label
	rep_Malaria.stagedProps.severityStages[0].label
	rep_Malaria.stagedProps.severityStages[1].label
	rep_Malaria.stagedProps.severityStages[2].label
	rep_Malaria.stagedProps.severityStages[3].label
	rep_Malaria.stagedProps.severityStages[4].label
	rep_SleepingSickness.stagedProps.severityStages[0].label
	rep_SleepingSickness.stagedProps.severityStages[1].label
	rep_SleepingSickness.stagedProps.severityStages[2].label
	rep_SleepingSickness.stagedProps.severityStages[3].label
	rep_SleepingSickness.stagedProps.severityStages[4].label
	rep_SleepingSickness.stagedProps.severityStages[5].label
	rep_SleepingSickness.stagedProps.severityStages[6].label
Total here: 28
In Hediffs_InjuriesLocal.xml missing translation for: 
	Frostbite.label
	Frostbite.injury.oldLabel
	Frostbite.injury.destroyedLabel
	Frostbite.injury.treatedWellLabel
	Frostbite.injury.treatedLabel
	Frostbite.injury.innerTreatedWellLabel
	Frostbite.injury.innerTreatedLabel
	Frostbite.injury.solidTreatedWellLabel
	Frostbite.injury.solidTreatedLabel
Total here: 9
In Hediffs_Temperature.xml missing translation for: 
	rep_Heatstroke.stagedProps.severityStages[0].label
	rep_Heatstroke.stagedProps.severityStages[1].label
	rep_Heatstroke.stagedProps.severityStages[2].label
	rep_Heatstroke.stagedProps.severityStages[3].label
	rep_Heatstroke.stagedProps.severityStages[4].label
	rep_Heatstroke.stagedProps.severityStages[5].label
	rep_Hypothermia.stagedProps.severityStages[0].label
	rep_Hypothermia.stagedProps.severityStages[1].label
	rep_Hypothermia.stagedProps.severityStages[2].label
	rep_Hypothermia.stagedProps.severityStages[3].label
	rep_Hypothermia.stagedProps.severityStages[4].label
	rep_Hypothermia.stagedProps.severityStages[5].label
Total here: 12
In Jobs_Misc.xml missing translation for: 
	WaitCombat.reportString
	ManTurret.reportString
	Vomit.reportString
	TogglePower.reportString
	Ingest.reportString
	TreatPatient.reportString
Total here: 6
In PawnKinds_Mercenary.xml missing translation for: 
	MercenaryGunner.label
	MercenarySlasher.label
	MercenaryHeavy.label
	PirateBoss.label
Total here: 4
In PawnKinds_Outlanders.xml missing translation for: 
	TownCouncilman.label
Total here: 1
In Recipes_Production.xml missing translation for: 
	MakeArtilleryShell.label
	MakeArtilleryShell.description
	MakeArtilleryShell.jobString
Total here: 3
In Recipes_Surgery.xml missing translation for: 
	InstallScytherBlade.label
	InstallScytherBlade.description
	InstallScytherBlade.jobString
Total here: 3
In ResearchProjects_Misc.xml missing translation for: 
	Brewing.label
	Brewing.description
Total here: 2
In StatCategories.xml missing translation for: 
	Apparel.label
	Weapon.label
	StuffStatFactors.label
	StuffStatOffsets.label
	StuffOfEquipmentStatFactors.label
Total here: 5
In Stats_Apparel.xml missing translation for: 
	Insulation_Cold.label
	Insulation_Cold.description
	Insulation_Heat.label
	Insulation_Heat.description
	PersonalShieldEnergyMax.label
	PersonalShieldEnergyMax.description
	PersonalShieldRechargeRate.label
	PersonalShieldRechargeRate.description
Total here: 8
In Stats_Pawns_General.xml missing translation for: 
	ImmunityGainSpeed.label
	ImmunityGainSpeed.description
Total here: 2
In Stats_Pawns_WorkMedical.xml missing translation for: 
	SurgerySuccessChance.label
	SurgerySuccessChance.description
Total here: 2
In Stats_Pawns_WorkRecipes.xml missing translation for: 
	FoodPoisonChance.label
	FoodPoisonChance.description
	BrewingSpeed.label
	BrewingSpeed.description
Total here: 4
In Stats_Weapons_Melee.xml missing translation for: 
	MeleeWeapon_DamageAmount.label
	MeleeWeapon_DamageAmount.description
	MeleeWeapon_Cooldown.label
	MeleeWeapon_Cooldown.description
Total here: 4
In Apparel_Hats.xml missing translation for: 
	Apparel_PsychicFoilHelmet.label
	Apparel_PsychicFoilHelmet.description
Total here: 2
In Buildings_Art.xml missing translation for: 
	SculptureSmall.label
	SculptureSmall.description
	SculptureLarge.label
	SculptureLarge.description
	SculptureGrand.label
	SculptureGrand.description
Total here: 6
In Buildings_Production.xml missing translation for: 
	Brewery.label
	Brewery.description
Total here: 2
In Items_BodyParts.xml missing translation for: 
	ScytherBlade.label
	ScytherBlade.description
Total here: 2
In Items_Resources.xml missing translation for: 
	Plasteel.stuffProps.stuffAdjective
	Cloth.stuffProps.stuffAdjective
	Synthread.stuffProps.stuffAdjective
	DevilstrandCloth.stuffProps.stuffAdjective
	Hyperweave.stuffProps.stuffAdjective
	RawHops.label
	RawHops.description
	RawCorn.label
	RawCorn.description
	RawRice.label
	RawRice.description
	ArtilleryShell.label
	ArtilleryShell.description
Total here: 13
In Plants_Cultivated.xml missing translation for: 
	PlantCorn.label
	PlantCorn.description
	PlantRice.label
	PlantRice.description
	PlantHops.label
	PlantHops.description
Total here: 6
In Plants_Wild_Tropical.xml missing translation for: 
	PlantTreeTeak.label
	PlantTreeTeak.description
Total here: 2
In Races_Animals.xml missing translation for: 
	Muffalo_Leather.stuffProps.stuffAdjective
	Deer_Leather.stuffProps.stuffAdjective
	Squirrel_Leather.stuffProps.stuffAdjective
	Elk_Leather.stuffProps.stuffAdjective
	Alphabeaver_Leather.stuffProps.stuffAdjective
	WildBoar_Leather.stuffProps.stuffAdjective
	Rhinoceros_Leather.stuffProps.stuffAdjective
	Dromedary_Leather.stuffProps.stuffAdjective
	Boomrat_Leather.stuffProps.stuffAdjective
	Hare_Leather.stuffProps.stuffAdjective
	Iguana_Leather.stuffProps.stuffAdjective
	Tortoise_Leather.stuffProps.stuffAdjective
	Cobra_Leather.stuffProps.stuffAdjective
	Monkey_Leather.stuffProps.stuffAdjective
Total here: 14
In Various_Stone.xml missing translation for: 
	ChunkSlagSteel.label
Total here: 1
In Weapons_Guns.xml missing translation for: 
	Bullet_SurvivalRifle.label
	Gun_SurvivalRifle.label
	Gun_SurvivalRifle.description
	Bullet_AssaultRifle.label
	Gun_AssaultRifle.label
	Gun_AssaultRifle.description
	Bullet_SniperRifle.label
	Gun_SniperRifle.label
	Gun_SniperRifle.description
	Bullet_PDW.label
	Gun_PDW.label
	Gun_PDW.description
	Bullet_HeavySMG.label
	Gun_HeavySMG.label
	Gun_HeavySMG.description
	Bullet_IncendiaryLauncher.label
	Gun_IncendiaryLauncher.label
	Gun_IncendiaryLauncher.description
	Bullet_LMG.label
	Gun_LMG.label
	Gun_LMG.description
	Bullet_ChargeRifle.label
	Gun_ChargeRifle.label
	Gun_ChargeRifle.description
Total here: 24
In Thoughts_ConditionsGeneral.xml missing translation for: 
	rep_LowExpectations.stages[0].label
	rep_LowExpectations.stages[0].description
	rep_LowExpectations.stages[1].label
	rep_LowExpectations.stages[1].description
	rep_HighExpectations.stages[0].label
	rep_HighExpectations.stages[0].description
	rep_HighExpectations.stages[1].label
	rep_HighExpectations.stages[1].description
	rep_ApparelDamaged.stages[0].label
	rep_ApparelDamaged.stages[0].description
	rep_ApparelDamaged.stages[1].label
	rep_ApparelDamaged.stages[1].description
Total here: 12
In Thoughts_Memories.xml missing translation for: 
	rep_SleepDisturbed.stages[0].label
	rep_SleepDisturbed.stages[0].description
Total here: 2
In Traits_Spectrum.xml missing translation for: 
	rep_DrugDesire.degreeDatas[0].label
	rep_DrugDesire.degreeDatas[0].description
	rep_DrugDesire.degreeDatas[1].label
	rep_DrugDesire.degreeDatas[1].description
	rep_DrugDesire.degreeDatas[2].label
	rep_DrugDesire.degreeDatas[2].description
Total here: 6
In WorkGivers.xml missing translation for: 
	TogglePower.verb
	TogglePower.gerund
	DoctorTreatEmergency.verb
	DoctorTreatEmergency.gerund
	DoctorTreat.verb
	DoctorTreat.gerund
	DoBillsBrew.verb
	DoBillsBrew.gerund
Total here: 8
In WorkTypes.xml missing translation for: 
	Control.pawnLabel
	Control.gerundLabel
	Control.verb
	Control.description
Total here: 4
In Alerts.xml missing translation for: 
	PoorMood
	PoorMoodDesc
	TerribleMood
	TerribleMoodDesc
	ShieldUserHasRangedWeapon
	ShieldUserHasRangedWeaponDesc
	FireInHomeRegion
	FireInHomeRegionDesc
Total here: 8
In Credits.xml missing translation for: 
	Credits_Developers
	Credits_TitleCommunity
	Credit_ModDonation
	Credit_Moderator
	Credit_WikiMaster
	ThanksForPlaying
Total here: 6
In Designators.xml missing translation for: 
	TerrainBeingSmoothed
Total here: 1
In Dialogs_Various.xml missing translation for: 
	VersionMismatch
	WorldFileVersionMismatch
	CurrentlyHave
	CountingProducts
	ThisIsSmallVolume
	GrowingTimeDesc
	NegotiatorTalkingImpaired
Total here: 7
In Dialog_StatsReports.xml missing translation for: 
	StatsReport_AgeMultiplier
	StatsReport_HealthMultiplier
	StatsReport_MoodMultiplier
	StatsReport_InBed
Total here: 4
In Enums.xml missing translation for: 
	QualityCategoryShort_Awful
	QualityCategoryShort_Shoddy
	QualityCategoryShort_Poor
	QualityCategoryShort_Normal
	QualityCategoryShort_Good
	QualityCategoryShort_Superior
	QualityCategoryShort_Excellent
	QualityCategoryShort_Masterwork
	QualityCategoryShort_Legendary
	HungerLevel_Starving
	HungerLevel_UrgentlyHungry
	HungerLevel_Hungry
	HungerLevel_Fed
	HungerLevel_Exhausted
	HungerLevel_VeryTired
	HungerLevel_Tired
	HungerLevel_Rested
Total here: 17
In FloatMenu.xml missing translation for: 
	ConsumeThing
Total here: 1
In GameplayCommands.xml missing translation for: 
	CommandDesignateTogglePowerLabel
	CommandDesignateTogglePowerDesc
	CommandMakeBeaconStockpileLabel
	CommandMakeBeaconStockpileDesc
Total here: 4
In Grammar.xml missing translation for: 
	IndefiniteArticle
	DefiniteArticle
	Proits
	ProitsCap
	ProitObj
	ProitObjCap
	Proit
	ProitCap
Total here: 8
In ITabs.xml missing translation for: 
	TabGuest
	TabArt
	BoundWorkerIs
	GetsFood
	GetsMedicine
Total here: 5
In Letters.xml missing translation for: 
	AreaRevealedWithMechanoids
	BirthdayChronological
	BirthdayBiologicalAgeInjuries
	AncientShrineWarning
	StruckMineable
Total here: 5
In Menus_Overview.xml missing translation for: 
	Playtime
Total here: 1
In Menu_Options.xml missing translation for: 
	PauseOnLoad
	AutosaveInterval
Total here: 2
In Messages.xml missing translation for: 
	MessageWornApparelDeterioratedAway
	MessageOutOfNearbyShellsFor
	MessageMedicalOperationFailureCatastrophic
	MessageMedicalOperationFailureMinor
Total here: 4
In Misc_Gameplay.xml missing translation for: 
	On
	Off
	PowerSwitch_Power
	CannotOrderNonControlled
	IsIncapableOfViolence
	IsNotDrafted
	ShellLoaded
	ShellNotLoaded
	MentalBreakThresholdHard
	MentalBreakThresholdSoft
	GrowSeasonHereNow
	ShowBeautyToggleButton
	Mood_Broken
	Mood_AboutToBreak
	Mood_OnEdge
	Mood_Stressed
	Mood_Neutral
	Mood_Content
	Mood_Happy
Total here: 19
In Time.xml missing translation for: 
	LetterDay
	LetterHour
	LetterMinute
	LetterSecond
	Born
	AgeChronological
	AgeBiological
Total here: 7
Total untranslated tags count: 297
In BodyParts.xml overtranslation for: 
	LeftHandMechanicalRingFinger.label
	RightHandMechanicalRingFinger.label
	LeftFootMechanicalLittleToe.label
	LeftFootMechanicalFourthToe.label
	LeftFootMechanicalMiddleToe.label
	LeftFootMechanicalSecondToe.label
	LeftFootMechanicalBigToe.label
	RightFootMechanicalLittleToe.label
	RightFootMechanicalFourthToe.label
	RightFootMechanicalMiddleToe.label
	RightFootMechanicalSecondToe.label
	RightFootMechanicalBigToe.label
Total here: 12
In Concepts_HighPrio.xml overtranslation for: 
	rep_ReadingAlerts.helpTexts[0]
Total here: 1
In Hediffs_AddedParts.xml overtranslation for: 
	ScytherKnifeProtrusion.label
Total here: 1
In Hediffs_Infections.xml overtranslation for: 
	rep_WoundInfection.disease.severityStages[0].label
	rep_WoundInfection.disease.severityStages[1].label
	rep_WoundInfection.disease.severityStages[2].label
	rep_WoundInfection.disease.severityStages[3].label
	rep_WoundInfection.disease.severityStages[4].label
	rep_Flu.disease.severityStages[0].label
	rep_Flu.disease.severityStages[1].label
	rep_Flu.disease.severityStages[2].label
	rep_Flu.disease.severityStages[3].label
	rep_Flu.disease.severityStages[4].label
	rep_Plague.disease.severityStages[0].label
	rep_Plague.disease.severityStages[1].label
	rep_Plague.disease.severityStages[2].label
	rep_Plague.disease.severityStages[3].label
	rep_Plague.disease.severityStages[4].label
	rep_Plague.disease.severityStages[5].label
	rep_Malaria.disease.severityStages[0].label
	rep_Malaria.disease.severityStages[1].label
	rep_Malaria.disease.severityStages[2].label
	rep_Malaria.disease.severityStages[3].label
	rep_Malaria.disease.severityStages[4].label
	rep_SleepingSickness.disease.severityStages[0].label
	rep_SleepingSickness.disease.severityStages[1].label
	rep_SleepingSickness.disease.severityStages[2].label
	rep_SleepingSickness.disease.severityStages[3].label
	rep_SleepingSickness.disease.severityStages[4].label
	rep_SleepingSickness.disease.severityStages[5].label
	rep_SleepingSickness.disease.severityStages[6].label
Total here: 28
In Hediffs_InjuriesLocal.xml overtranslation for: 
	SurgicalCut.injury.destroyedLabel
	SurgicalCut.injury.destroyedOutLabel
	Bruise.injury.destroyedOutLabel
Total here: 3
In Hediffs_Temperature.xml overtranslation for: 
	rep_Heatstroke.disease.severityStages[0].label
	rep_Heatstroke.disease.severityStages[1].label
	rep_Heatstroke.disease.severityStages[2].label
	rep_Heatstroke.disease.severityStages[3].label
	rep_Heatstroke.disease.severityStages[4].label
	rep_Heatstroke.disease.severityStages[5].label
	rep_Hypothermia.disease.severityStages[0].label
	rep_Hypothermia.disease.severityStages[1].label
	rep_Hypothermia.disease.severityStages[2].label
	rep_Hypothermia.disease.severityStages[3].label
	rep_Hypothermia.disease.severityStages[4].label
	rep_Hypothermia.disease.severityStages[5].label
Total here: 12
In Jobs_Misc.xml overtranslation for: 
	ManThing.reportString
	EatFood.reportString
	HealPatient.reportString
Total here: 3
In PawnKinds_Mercenary.xml overtranslation for: 
	Mercenary.label
	MercenaryBruiser.label
Total here: 2
In Recipes_Surgery.xml overtranslation for: 
	InstallScytherKnifeProtrusion.label
	InstallScytherKnifeProtrusion.description
	InstallScytherKnifeProtrusion.jobString
Total here: 3
In StatCategories.xml overtranslation for: 
	Armor.label
	Melee.label
	StuffOfEquipmentStatModifiers.label
Total here: 3
In Stats_Pawns_Combat.xml overtranslation for: 
	MeleeHitChanceFactor.label
	MeleeHitChanceFactor.description
Total here: 2
In Stats_Pawns_WorkRecipes.xml overtranslation for: 
	StonecuttingEfficiency.label
	StonecuttingEfficiency.description
	SmeltingEfficiency.label
	SmeltingEfficiency.description
Total here: 4
In Stats_Weapons_Melee.xml overtranslation for: 
	MeleeWeapon_Agility.label
	MeleeWeapon_Agility.description
Total here: 2
In Buildings_Art.xml overtranslation for: 
	SculptureAbstract.label
	SculptureAbstract.description
Total here: 2
In Items_BodyParts.xml overtranslation for: 
	ScytherKnifeProtrusion.label
	ScytherKnifeProtrusion.description
Total here: 2
In Items_Resources.xml overtranslation for: 
	Shells.label
	Shells.description
Total here: 2
In Various_Stone.xml overtranslation for: 
	ChunkSlag.label
Total here: 1
In Weapons_Guns.xml overtranslation for: 
	Bullet_LeeEnfield.label
	Gun_LeeEnfield.label
	Gun_LeeEnfield.description
	Bullet_M16Rifle.label
	Gun_M16Rifle.label
	Gun_M16Rifle.description
	Bullet_M24Rifle.label
	Gun_M24Rifle.label
	Gun_M24Rifle.description
	Bullet_Uzi.label
	Gun_Uzi.label
	Gun_Uzi.description
	Bullet_T9IncendiaryLauncher.label
	Gun_T9IncendiaryLauncher.label
	Gun_T9IncendiaryLauncher.description
	Bullet_L15LMG.label
	Gun_L15LMG.label
	Gun_L15LMG.description
	Bullet_R4ChargeRifle.label
	Gun_R4ChargeRifle.label
	Gun_R4ChargeRifle.description
Total here: 21
In WorkGivers.xml overtranslation for: 
	DoctorEmergencyHeal.verb
	DoctorEmergencyHeal.gerund
	DoctorHeal.verb
	DoctorHeal.gerund
Total here: 4
In Alerts.xml overtranslation for: 
	AlertNeedStockpile
	AlertNeedStockpileDesc
	AlertUnforbidStartingResources
	AlertUnforbidStartingResourcesDesc
	AlertEquipStartingWeapons
	AlertEquipStartingWeaponsDesc
	NeedGrowingZone
	NeedGrowingZoneDesc
	TableNeedsChairs
	TableNeedsChairsDesc
Total here: 10
In Credits.xml overtranslation for: 
	Credits_TitleTesting
Total here: 1
In Designators.xml overtranslation for: 
	NothingToHaulHere
Total here: 1
In Dialogs_Various.xml overtranslation for: 
	SaveGameIncompatibleWarningTitle
	TargetCount
	MeleeDamage
Total here: 3
In Dialog_Trees.xml overtranslation for: 
	FactionGreetingFriendly
Total here: 1
In ITabs.xml overtranslation for: 
	PrisonerGetsFood
	PrisonerGetsMedicine
Total here: 2
In Letters.xml overtranslation for: 
	MentalBreakRampage
	MentalBreakDaze
	MentalBreakLeave
	MentalBreakRecoveryRampage
	MentalBreakRecoveryDaze
	MentalBreakRecoveryLeave
	Birthday
	BirthdayWithInjuries
Total here: 8
In Misc_Gameplay.xml overtranslation for: 
	RangeSlashEquipment
	MentalBreakThreshold
	SanityDazedWander
	SanityGiveUpExit
	SanityPanicFlee
	SanityPsychotic
	PowerConnectedStored
Total here: 7
==============================
Duplicated tags found: 
------------------------------

++++++++++++++++++++++++++++++

	ScytherBlade.label

	ScytherKnifeProtrusion.label

Total overtranslated tags count: 141
Execution time: 10.691649913787842s
