------------------------------
xmls that are missing completely
------------------------------
German\DefInjected\JobDef\Jobs_Joy.xml
++++++++++++++++++++++++++++++
	Skygaze.reportString
	Meditate.reportString
	Pray.reportString
	GoForWalk.reportString
	SocialRelax.reportString
	PlayHorseshoes.reportString
	PlayChess.reportString
	PlayBilliards.reportString
	WatchTelevision.reportString
	UseTelescope.reportString
++++++++++++++++++++++++++++++
German\DefInjected\RulePackDef\RulePacks_DescriptionMakers_Art.xml
++++++++++++++++++++++++++++++
	rep_ArtSculpture.rulePack.rulesStrings[0]
	rep_ArtSculpture.rulePack.rulesStrings[1]
	rep_ArtSculpture.rulePack.rulesStrings[2]
	rep_ArtSculpture.rulePack.rulesStrings[3]
	rep_ArtSculpture.rulePack.rulesStrings[4]
	rep_ArtSculpture.rulePack.rulesStrings[5]
	rep_ArtSculpture.rulePack.rulesStrings[6]
	rep_ArtWeaponMelee.rulePack.rulesStrings[0]
	rep_ArtWeaponMelee.rulePack.rulesStrings[1]
	rep_ArtWeaponMelee.rulePack.rulesStrings[2]
	rep_ArtWeaponGun.rulePack.rulesStrings[0]
	rep_ArtWeaponGun.rulePack.rulesStrings[1]
	rep_ArtWeaponGun.rulePack.rulesStrings[2]
++++++++++++++++++++++++++++++
German\DefInjected\RulePackDef\RulePacks_Global.xml
++++++++++++++++++++++++++++++
	rep_GlobalCircumstances.rulePack.rulesStrings[0]
	rep_GlobalCircumstances.rulePack.rulesStrings[1]
	rep_GlobalCircumstances.rulePack.rulesStrings[2]
	rep_GlobalUtility.rulePack.rulesStrings[0]
	rep_GlobalUtility.rulePack.rulesStrings[1]
	rep_GlobalUtility.rulePack.rulesStrings[2]
	rep_GlobalUtility.rulePack.rulesStrings[3]
	rep_GlobalUtility.rulePack.rulesStrings[4]
	rep_GlobalUtility.rulePack.rulesStrings[5]
	rep_GlobalUtility.rulePack.rulesStrings[6]
	rep_GlobalUtility.rulePack.rulesStrings[7]
	rep_GlobalUtility.rulePack.rulesStrings[8]
	rep_GlobalUtility.rulePack.rulesStrings[9]
	rep_GlobalUtility.rulePack.rulesStrings[10]
	rep_GlobalUtility.rulePack.rulesStrings[11]
	rep_GlobalUtility.rulePack.rulesStrings[12]
	rep_GlobalUtility.rulePack.rulesStrings[13]
	rep_GlobalUtility.rulePack.rulesStrings[14]
	rep_GlobalUtility.rulePack.rulesStrings[15]
	rep_GlobalUtility.rulePack.rulesStrings[16]
	rep_GlobalUtility.rulePack.rulesStrings[17]
++++++++++++++++++++++++++++++
German\DefInjected\RulePackDef\RulePacks_NameMakers_Art.xml
++++++++++++++++++++++++++++++
	rep_NamerWeapon.rulePack.rulesStrings[0]
	rep_NamerWeapon.rulePack.rulesStrings[1]
	rep_NamerWeapon.rulePack.rulesStrings[2]
	rep_NamerWeapon.rulePack.rulesStrings[3]
	rep_NamerWeapon.rulePack.rulesStrings[4]
	rep_NamerWeapon.rulePack.rulesStrings[5]
	rep_NamerWeapon.rulePack.rulesStrings[6]
	rep_NamerSculpture.rulePack.rulesStrings[0]
	rep_NamerSculpture.rulePack.rulesStrings[1]
	rep_NamerSculpture.rulePack.rulesStrings[2]
	rep_NamerSculpture.rulePack.rulesStrings[3]
	rep_NamerSculpture.rulePack.rulesStrings[4]
	rep_NamerSculpture.rulePack.rulesStrings[5]
	rep_NamerSculpture.rulePack.rulesStrings[6]
	rep_NamerSculpture.rulePack.rulesStrings[7]
	rep_NamerSculpture.rulePack.rulesStrings[8]
	rep_NamerSculpture.rulePack.rulesStrings[9]
	rep_NamerSculpture.rulePack.rulesStrings[10]
	rep_NamerSculpture.rulePack.rulesStrings[11]
	rep_NamerSculpture.rulePack.rulesStrings[12]
	rep_NamerSculpture.rulePack.rulesStrings[13]
	rep_NamerSculpture.rulePack.rulesStrings[14]
++++++++++++++++++++++++++++++
German\DefInjected\RulePackDef\RulePacks_NameMakers_Factions.xml
++++++++++++++++++++++++++++++
	rep_NamerFactionSpacer.rulePack.rulesStrings[0]
	rep_NamerFactionPirate.rulePack.rulesStrings[0]
	rep_NamerFactionPirate.rulePack.rulesStrings[1]
	rep_NamerFactionPirate.rulePack.rulesStrings[2]
	rep_NamerFactionPirate.rulePack.rulesStrings[3]
	rep_NamerFactionPirate.rulePack.rulesStrings[4]
	rep_NamerFactionPirate.rulePack.rulesStrings[5]
	rep_NamerFactionPirate.rulePack.rulesStrings[6]
	rep_NamerFactionPirate.rulePack.rulesStrings[7]
	rep_NamerFactionPirate.rulePack.rulesStrings[8]
	rep_NamerFactionPirate.rulePack.rulesStrings[9]
	rep_NamerFactionPirate.rulePack.rulesStrings[10]
	rep_NamerFactionPirate.rulePack.rulesStrings[11]
	rep_NamerFactionPirate.rulePack.rulesStrings[12]
	rep_NamerFactionPirate.rulePack.rulesStrings[13]
	rep_NamerFactionPirate.rulePack.rulesStrings[14]
	rep_NamerFactionPirate.rulePack.rulesStrings[15]
	rep_NamerFactionPirate.rulePack.rulesStrings[16]
	rep_NamerFactionPirate.rulePack.rulesStrings[17]
	rep_NamerFactionPirate.rulePack.rulesStrings[18]
	rep_NamerColony.rulePack.rulesStrings[0]
	rep_NamerFactionOutlander.rulePack.rulesStrings[0]
	rep_NamerFactionOutlander.rulePack.rulesStrings[1]
	rep_NamerFactionOutlander.rulePack.rulesStrings[2]
	rep_NamerFactionOutlander.rulePack.rulesStrings[3]
	rep_NamerFactionTribal.rulePack.rulesStrings[0]
	rep_NamerFactionTribal.rulePack.rulesStrings[1]
	rep_NamerFactionTribal.rulePack.rulesStrings[2]
	rep_NamerFactionTribal.rulePack.rulesStrings[3]
	rep_NamerFactionTribal.rulePack.rulesStrings[4]
	rep_NamerFactionTribal.rulePack.rulesStrings[5]
	rep_NamerFactionTribal.rulePack.rulesStrings[6]
++++++++++++++++++++++++++++++
German\DefInjected\RulePackDef\RulePacks_NameMakers_People.xml
++++++++++++++++++++++++++++++
	rep_NamerPersonTribal.rulePack.rulesStrings[0]
	rep_NamerPersonTribal.rulePack.rulesStrings[1]
	rep_NamerPersonTribal.rulePack.rulesStrings[2]
	rep_NamerPersonTribal.rulePack.rulesStrings[3]
	rep_NamerPersonTribal.rulePack.rulesStrings[4]
	rep_NamerPersonTribal.rulePack.rulesStrings[5]
	rep_NamerPersonTribal.rulePack.rulesStrings[6]
	rep_NamerPersonTribal.rulePack.rulesStrings[7]
	rep_NamerPersonTribal.rulePack.rulesStrings[8]
++++++++++++++++++++++++++++++
German\DefInjected\RulePackDef\RulePacks_NameMakers_Traders.xml
++++++++++++++++++++++++++++++
	rep_NamerTraderGeneral.rulePack.rulesStrings[0]
	rep_NamerTraderGeneral.rulePack.rulesStrings[1]
	rep_NamerTraderGeneral.rulePack.rulesStrings[2]
	rep_NamerTraderGeneral.rulePack.rulesStrings[3]
	rep_NamerTraderGeneral.rulePack.rulesStrings[4]
	rep_NamerTraderGeneral.rulePack.rulesStrings[5]
++++++++++++++++++++++++++++++
German\DefInjected\RulePackDef\RulePacks_NameMaker_World.xml
++++++++++++++++++++++++++++++
	rep_NamerWorld.rulePack.rulesStrings[0]
	rep_NamerWorld.rulePack.rulesStrings[1]
	rep_NamerWorld.rulePack.rulesStrings[2]
	rep_NamerWorld.rulePack.rulesStrings[3]
	rep_NamerWorld.rulePack.rulesStrings[4]
++++++++++++++++++++++++++++++
German\DefInjected\RulePackDef\RulePacks_TalelessImages.xml
++++++++++++++++++++++++++++++
	rep_TalelessImages.rulePack.rulesStrings[0]
	rep_TalelessImages.rulePack.rulesStrings[1]
	rep_TalelessImages.rulePack.rulesStrings[2]
	rep_TalelessImages.rulePack.rulesStrings[3]
	rep_TalelessImages.rulePack.rulesStrings[4]
	rep_TalelessImages.rulePack.rulesStrings[5]
	rep_TalelessImages.rulePack.rulesStrings[6]
	rep_TalelessImages.rulePack.rulesStrings[7]
	rep_TalelessImages.rulePack.rulesStrings[8]
	rep_TalelessImages.rulePack.rulesStrings[9]
	rep_TalelessImages.rulePack.rulesStrings[10]
	rep_TalelessImages.rulePack.rulesStrings[11]
	rep_TalelessImages.rulePack.rulesStrings[12]
	rep_TalelessImages.rulePack.rulesStrings[13]
	rep_TalelessImages.rulePack.rulesStrings[14]
	rep_TalelessImages.rulePack.rulesStrings[15]
	rep_TalelessImages.rulePack.rulesStrings[16]
	rep_TalelessImages.rulePack.rulesStrings[17]
	rep_TalelessImages.rulePack.rulesStrings[18]
	rep_TalelessImages.rulePack.rulesStrings[19]
++++++++++++++++++++++++++++++
German\DefInjected\RulePackDef\RulePacks_Utility.xml
++++++++++++++++++++++++++++++
	rep_ArtUtility.rulePack.rulesStrings[0]
	rep_ArtUtility.rulePack.rulesStrings[1]
	rep_ArtUtility.rulePack.rulesStrings[2]
	rep_ArtUtility.rulePack.rulesStrings[3]
	rep_ArtUtility.rulePack.rulesStrings[4]
	rep_ArtUtility.rulePack.rulesStrings[5]
	rep_ArtUtility.rulePack.rulesStrings[6]
	rep_ArtUtility.rulePack.rulesStrings[7]
	rep_ArtUtility.rulePack.rulesStrings[8]
	rep_ArtUtility.rulePack.rulesStrings[9]
	rep_ArtUtility.rulePack.rulesStrings[10]
	rep_ArtUtility.rulePack.rulesStrings[11]
	rep_ArtUtility.rulePack.rulesStrings[12]
	rep_ArtUtility.rulePack.rulesStrings[13]
	rep_ArtUtility.rulePack.rulesStrings[14]
	rep_ArtUtility.rulePack.rulesStrings[15]
	rep_ArtUtility.rulePack.rulesStrings[16]
	rep_ArtUtility.rulePack.rulesStrings[17]
	rep_ArtUtility.rulePack.rulesStrings[18]
	rep_ArtUtility.rulePack.rulesStrings[19]
	rep_ArtUtility.rulePack.rulesStrings[20]
	rep_ArtUtility.rulePack.rulesStrings[21]
	rep_ArtUtility.rulePack.rulesStrings[22]
	rep_ArtUtility.rulePack.rulesStrings[23]
	rep_ArtUtility.rulePack.rulesStrings[24]
	rep_ArtUtility.rulePack.rulesStrings[25]
	rep_ArtUtility.rulePack.rulesStrings[26]
	rep_ArtUtility.rulePack.rulesStrings[27]
	rep_ArtUtility.rulePack.rulesStrings[28]
	rep_ArtUtility.rulePack.rulesStrings[29]
	rep_ArtUtility.rulePack.rulesStrings[30]
	rep_ArtUtility.rulePack.rulesStrings[31]
	rep_ArtUtility.rulePack.rulesStrings[32]
	rep_ArtUtility.rulePack.rulesStrings[33]
	rep_ArtUtility.rulePack.rulesStrings[34]
	rep_ArtUtility.rulePack.rulesStrings[35]
	rep_ArtUtility.rulePack.rulesStrings[36]
	rep_ArtUtility.rulePack.rulesStrings[37]
	rep_ArtUtility.rulePack.rulesStrings[38]
	rep_ArtUtility.rulePack.rulesStrings[39]
	rep_ArtUtility.rulePack.rulesStrings[40]
	rep_ArtUtility.rulePack.rulesStrings[41]
	rep_ArtUtility.rulePack.rulesStrings[42]
	rep_ArtUtility.rulePack.rulesStrings[43]
	rep_ArtUtility.rulePack.rulesStrings[44]
	rep_ArtUtility.rulePack.rulesStrings[45]
	rep_ArtUtility.rulePack.rulesStrings[46]
	rep_ArtUtility.rulePack.rulesStrings[47]
	rep_ArtUtility.rulePack.rulesStrings[48]
	rep_ArtUtility.rulePack.rulesStrings[49]
	rep_ArtUtility.rulePack.rulesStrings[50]
	rep_ArtUtility.rulePack.rulesStrings[51]
	rep_ArtUtility.rulePack.rulesStrings[52]
	rep_ArtUtility.rulePack.rulesStrings[53]
	rep_ArtUtility.rulePack.rulesStrings[54]
	rep_ArtUtility.rulePack.rulesStrings[55]
	rep_ArtUtility.rulePack.rulesStrings[56]
	rep_ArtUtility.rulePack.rulesStrings[57]
	rep_ArtUtility.rulePack.rulesStrings[58]
	rep_ArtUtility.rulePack.rulesStrings[59]
	rep_ArtUtility.rulePack.rulesStrings[60]
	rep_ArtUtility.rulePack.rulesStrings[61]
	rep_ArtUtility.rulePack.rulesStrings[62]
	rep_ArtUtility.rulePack.rulesStrings[63]
	rep_ArtUtility.rulePack.rulesStrings[64]
	rep_ArtUtility.rulePack.rulesStrings[65]
	rep_ArtUtility.rulePack.rulesStrings[66]
	rep_ArtUtility.rulePack.rulesStrings[67]
	rep_ArtUtility.rulePack.rulesStrings[68]
	rep_ArtUtility.rulePack.rulesStrings[69]
	rep_ArtUtility.rulePack.rulesStrings[70]
	rep_ArtUtility.rulePack.rulesStrings[71]
	rep_ArtUtility.rulePack.rulesStrings[72]
	rep_ArtUtility.rulePack.rulesStrings[73]
	rep_ArtUtility.rulePack.rulesStrings[74]
	rep_ArtUtility.rulePack.rulesStrings[75]
	rep_ArtUtility.rulePack.rulesStrings[76]
	rep_ArtUtility.rulePack.rulesStrings[77]
	rep_ArtUtility.rulePack.rulesStrings[78]
	rep_ArtUtility.rulePack.rulesStrings[79]
	rep_ArtUtility.rulePack.rulesStrings[80]
	rep_ArtUtility.rulePack.rulesStrings[81]
	rep_ArtUtility.rulePack.rulesStrings[82]
	rep_ArtUtility.rulePack.rulesStrings[83]
	rep_ArtUtility.rulePack.rulesStrings[84]
	rep_ArtUtility.rulePack.rulesStrings[85]
	rep_ArtUtility.rulePack.rulesStrings[86]
	rep_ArtUtility.rulePack.rulesStrings[87]
	rep_ArtUtility.rulePack.rulesStrings[88]
	rep_ArtUtility.rulePack.rulesStrings[89]
	rep_ArtUtility.rulePack.rulesStrings[90]
	rep_ArtUtility.rulePack.rulesStrings[91]
	rep_ArtUtility.rulePack.rulesStrings[92]
	rep_ArtUtility.rulePack.rulesStrings[93]
	rep_ArtUtility.rulePack.rulesStrings[94]
	rep_ArtUtility.rulePack.rulesStrings[95]
	rep_ArtUtility.rulePack.rulesStrings[96]
	rep_ArtUtility.rulePack.rulesStrings[97]
	rep_ArtUtility.rulePack.rulesStrings[98]
	rep_ArtUtility.rulePack.rulesStrings[99]
	rep_ArtUtility.rulePack.rulesStrings[100]
	rep_ArtUtility.rulePack.rulesStrings[101]
	rep_ArtUtility.rulePack.rulesStrings[102]
	rep_ArtUtility.rulePack.rulesStrings[103]
	rep_ArtUtility.rulePack.rulesStrings[104]
	rep_ArtUtility.rulePack.rulesStrings[105]
	rep_ArtUtility.rulePack.rulesStrings[106]
	rep_ArtUtility.rulePack.rulesStrings[107]
	rep_ArtUtility.rulePack.rulesStrings[108]
	rep_NamerArtUtility.rulePack.rulesStrings[0]
	rep_NamerArtUtility.rulePack.rulesStrings[1]
	rep_NamerArtUtility.rulePack.rulesStrings[2]
	rep_NamerArtUtility.rulePack.rulesStrings[3]
++++++++++++++++++++++++++++++
German\DefInjected\StatDef\Stats_Weapons_Ranged.xml
++++++++++++++++++++++++++++++
	AccuracyTouch.label
	AccuracyTouch.description
	AccuracyShort.label
	AccuracyShort.description
	AccuracyMedium.label
	AccuracyMedium.description
	AccuracyLong.label
	AccuracyLong.description
	RangedWeapon_Cooldown.label
	RangedWeapon_Cooldown.description
++++++++++++++++++++++++++++++
German\DefInjected\TaleDef\Tales_DoublePawn.xml
++++++++++++++++++++++++++++++
	rep_Captured.rulePack.rulesStrings[0]
	rep_Captured.rulePack.rulesStrings[1]
	rep_Captured.rulePack.rulesStrings[2]
	rep_Captured.rulePack.rulesStrings[3]
	rep_Captured.rulePack.rulesStrings[4]
	rep_Captured.rulePack.rulesStrings[5]
	rep_Captured.rulePack.rulesStrings[6]
	rep_Captured.rulePack.rulesStrings[7]
	rep_Captured.rulePack.rulesStrings[8]
	rep_Captured.rulePack.rulesStrings[9]
	rep_Captured.rulePack.rulesStrings[10]
	rep_Captured.rulePack.rulesStrings[11]
	rep_Captured.rulePack.rulesStrings[12]
	rep_Captured.rulePack.rulesStrings[13]
	rep_Captured.rulePack.rulesStrings[14]
	rep_Captured.rulePack.rulesStrings[15]
	rep_Captured.rulePack.rulesStrings[16]
	rep_Captured.rulePack.rulesStrings[17]
	rep_Captured.rulePack.rulesStrings[18]
	rep_Captured.rulePack.rulesStrings[19]
	rep_Recruited.rulePack.rulesStrings[0]
	rep_Recruited.rulePack.rulesStrings[1]
	rep_Recruited.rulePack.rulesStrings[2]
	rep_Recruited.rulePack.rulesStrings[3]
	rep_Recruited.rulePack.rulesStrings[4]
	rep_Recruited.rulePack.rulesStrings[5]
	rep_Recruited.rulePack.rulesStrings[6]
	rep_Hunted.rulePack.rulesStrings[0]
	rep_Hunted.rulePack.rulesStrings[1]
	rep_Hunted.rulePack.rulesStrings[2]
	rep_Hunted.rulePack.rulesStrings[3]
	rep_Hunted.rulePack.rulesStrings[4]
	rep_Hunted.rulePack.rulesStrings[5]
	rep_DidSurgery.rulePack.rulesStrings[0]
	rep_DidSurgery.rulePack.rulesStrings[1]
	rep_DidSurgery.rulePack.rulesStrings[2]
	rep_DidSurgery.rulePack.rulesStrings[3]
	rep_DidSurgery.rulePack.rulesStrings[4]
	rep_DidSurgery.rulePack.rulesStrings[5]
	rep_DidSurgery.rulePack.rulesStrings[6]
++++++++++++++++++++++++++++++
German\DefInjected\TaleDef\Tales_Misc.xml
++++++++++++++++++++++++++++++
	rep_CraftedArt.rulePack.rulesStrings[0]
	rep_CraftedArt.rulePack.rulesStrings[1]
	rep_CraftedArt.rulePack.rulesStrings[2]
	rep_CraftedArt.rulePack.rulesStrings[3]
	rep_CraftedArt.rulePack.rulesStrings[4]
	rep_CraftedArt.rulePack.rulesStrings[5]
	rep_CraftedArt.rulePack.rulesStrings[6]
	rep_CraftedArt.rulePack.rulesStrings[7]
	rep_CraftedArt.rulePack.rulesStrings[8]
	rep_CraftedArt.rulePack.rulesStrings[9]
	rep_CraftedArt.rulePack.rulesStrings[10]
	rep_CraftedArt.rulePack.rulesStrings[11]
	rep_CraftedArt.rulePack.rulesStrings[12]
	rep_CraftedArt.rulePack.rulesStrings[13]
	rep_CraftedArt.rulePack.rulesStrings[14]
	rep_CraftedArt.rulePack.rulesStrings[15]
	rep_CraftedArt.rulePack.rulesStrings[16]
	rep_CraftedArt.rulePack.rulesStrings[17]
	rep_CraftedArt.rulePack.rulesStrings[18]
	rep_CraftedArt.rulePack.rulesStrings[19]
	rep_CraftedArt.rulePack.rulesStrings[20]
	rep_CraftedArt.rulePack.rulesStrings[21]
	rep_CraftedArt.rulePack.rulesStrings[22]
	rep_CraftedArt.rulePack.rulesStrings[23]
	rep_CraftedArt.rulePack.rulesStrings[24]
	rep_StruckMineable.rulePack.rulesStrings[0]
	rep_StruckMineable.rulePack.rulesStrings[1]
	rep_StruckMineable.rulePack.rulesStrings[2]
	rep_StruckMineable.rulePack.rulesStrings[3]
	rep_StruckMineable.rulePack.rulesStrings[4]
	rep_StruckMineable.rulePack.rulesStrings[5]
	rep_StruckMineable.rulePack.rulesStrings[6]
	rep_StruckMineable.rulePack.rulesStrings[7]
	rep_StruckMineable.rulePack.rulesStrings[8]
	rep_StruckMineable.rulePack.rulesStrings[9]
	rep_StruckMineable.rulePack.rulesStrings[10]
	rep_StruckMineable.rulePack.rulesStrings[11]
	rep_StruckMineable.rulePack.rulesStrings[12]
	rep_KilledBy.rulePack.rulesStrings[0]
	rep_KilledBy.rulePack.rulesStrings[1]
	rep_KilledBy.rulePack.rulesStrings[2]
	rep_KilledBy.rulePack.rulesStrings[3]
	rep_KilledBy.rulePack.rulesStrings[4]
	rep_KilledBy.rulePack.rulesStrings[5]
	rep_KilledBy.rulePack.rulesStrings[6]
	rep_KilledBy.rulePack.rulesStrings[7]
	rep_KilledBy.rulePack.rulesStrings[8]
	rep_KilledBy.rulePack.rulesStrings[9]
	rep_KilledBy.rulePack.rulesStrings[10]
	rep_KilledBy.rulePack.rulesStrings[11]
	rep_KilledBy.rulePack.rulesStrings[12]
	rep_KilledBy.rulePack.rulesStrings[13]
	rep_KilledBy.rulePack.rulesStrings[14]
	rep_KilledBy.rulePack.rulesStrings[15]
	rep_KilledBy.rulePack.rulesStrings[16]
	rep_KilledBy.rulePack.rulesStrings[17]
	rep_KilledBy.rulePack.rulesStrings[18]
	rep_KilledBy.rulePack.rulesStrings[19]
	rep_KilledBy.rulePack.rulesStrings[20]
	rep_KilledBy.rulePack.rulesStrings[21]
++++++++++++++++++++++++++++++
German\DefInjected\TaleDef\Tales_SinglePawn.xml
++++++++++++++++++++++++++++++
	rep_LandedInPod.rulePack.rulesStrings[0]
	rep_LandedInPod.rulePack.rulesStrings[1]
	rep_LandedInPod.rulePack.rulesStrings[2]
	rep_LandedInPod.rulePack.rulesStrings[3]
	rep_LandedInPod.rulePack.rulesStrings[4]
	rep_LandedInPod.rulePack.rulesStrings[5]
	rep_LandedInPod.rulePack.rulesStrings[6]
	rep_LandedInPod.rulePack.rulesStrings[7]
	rep_LandedInPod.rulePack.rulesStrings[8]
	rep_LandedInPod.rulePack.rulesStrings[9]
	rep_LandedInPod.rulePack.rulesStrings[10]
	rep_LandedInPod.rulePack.rulesStrings[11]
	rep_LandedInPod.rulePack.rulesStrings[12]
	rep_LandedInPod.rulePack.rulesStrings[13]
	rep_LandedInPod.rulePack.rulesStrings[14]
	rep_LandedInPod.rulePack.rulesStrings[15]
	rep_LandedInPod.rulePack.rulesStrings[16]
	rep_LandedInPod.rulePack.rulesStrings[17]
	rep_LandedInPod.rulePack.rulesStrings[18]
	rep_LandedInPod.rulePack.rulesStrings[19]
	rep_Vomited.rulePack.rulesStrings[0]
	rep_Vomited.rulePack.rulesStrings[1]
	rep_Vomited.rulePack.rulesStrings[2]
	rep_Vomited.rulePack.rulesStrings[3]
	rep_Vomited.rulePack.rulesStrings[4]
	rep_Vomited.rulePack.rulesStrings[5]
	rep_Vomited.rulePack.rulesStrings[6]
	rep_Vomited.rulePack.rulesStrings[7]
	rep_Vomited.rulePack.rulesStrings[8]
	rep_Vomited.rulePack.rulesStrings[9]
	rep_Vomited.rulePack.rulesStrings[10]
	rep_Vomited.rulePack.rulesStrings[11]
	rep_Vomited.rulePack.rulesStrings[12]
	rep_Vomited.rulePack.rulesStrings[13]
	rep_Vomited.rulePack.rulesStrings[14]
	rep_Vomited.rulePack.rulesStrings[15]
	rep_Drunk.rulePack.rulesStrings[0]
	rep_Drunk.rulePack.rulesStrings[1]
	rep_Drunk.rulePack.rulesStrings[2]
	rep_Drunk.rulePack.rulesStrings[3]
	rep_Drunk.rulePack.rulesStrings[4]
	rep_Drunk.rulePack.rulesStrings[5]
	rep_Drunk.rulePack.rulesStrings[6]
	rep_Drunk.rulePack.rulesStrings[7]
	rep_Drunk.rulePack.rulesStrings[8]
	rep_Drunk.rulePack.rulesStrings[9]
	rep_Drunk.rulePack.rulesStrings[10]
	rep_Drunk.rulePack.rulesStrings[11]
	rep_Drunk.rulePack.rulesStrings[12]
	rep_Drunk.rulePack.rulesStrings[13]
	rep_Drunk.rulePack.rulesStrings[14]
	rep_Drunk.rulePack.rulesStrings[15]
	rep_Drunk.rulePack.rulesStrings[16]
	rep_Drunk.rulePack.rulesStrings[17]
	rep_Drunk.rulePack.rulesStrings[18]
	rep_Drunk.rulePack.rulesStrings[19]
	rep_Drunk.rulePack.rulesStrings[20]
	rep_Drunk.rulePack.rulesStrings[21]
	rep_Drunk.rulePack.rulesStrings[22]
	rep_Drunk.rulePack.rulesStrings[23]
	rep_Drunk.rulePack.rulesStrings[24]
	rep_Drunk.rulePack.rulesStrings[25]
	rep_Drunk.rulePack.rulesStrings[26]
	rep_Drunk.rulePack.rulesStrings[27]
	rep_WasOnFire.rulePack.rulesStrings[0]
	rep_WasOnFire.rulePack.rulesStrings[1]
	rep_WasOnFire.rulePack.rulesStrings[2]
	rep_WasOnFire.rulePack.rulesStrings[3]
	rep_WasOnFire.rulePack.rulesStrings[4]
	rep_WasOnFire.rulePack.rulesStrings[5]
	rep_WasOnFire.rulePack.rulesStrings[6]
	rep_WasOnFire.rulePack.rulesStrings[7]
	rep_WasOnFire.rulePack.rulesStrings[8]
	rep_WasOnFire.rulePack.rulesStrings[9]
	rep_WasOnFire.rulePack.rulesStrings[10]
	rep_WasOnFire.rulePack.rulesStrings[11]
	rep_WasOnFire.rulePack.rulesStrings[12]
	rep_WasOnFire.rulePack.rulesStrings[13]
	rep_WasOnFire.rulePack.rulesStrings[14]
	rep_WasOnFire.rulePack.rulesStrings[15]
	rep_WasOnFire.rulePack.rulesStrings[16]
	rep_WasOnFire.rulePack.rulesStrings[17]
	rep_MentalBreakBerserk.rulePack.rulesStrings[0]
	rep_MentalBreakBerserk.rulePack.rulesStrings[1]
	rep_MentalBreakBerserk.rulePack.rulesStrings[2]
	rep_MentalBreakBerserk.rulePack.rulesStrings[3]
	rep_MentalBreakBerserk.rulePack.rulesStrings[4]
	rep_MentalBreakBerserk.rulePack.rulesStrings[5]
	rep_MentalBreakBerserk.rulePack.rulesStrings[6]
	rep_MentalBreakBerserk.rulePack.rulesStrings[7]
	rep_MentalBreakBerserk.rulePack.rulesStrings[8]
	rep_MentalBreakBerserk.rulePack.rulesStrings[9]
	rep_MentalBreakBerserk.rulePack.rulesStrings[10]
	rep_MentalBreakBerserk.rulePack.rulesStrings[11]
	rep_MentalBreakBerserk.rulePack.rulesStrings[12]
	rep_MentalBreakBerserk.rulePack.rulesStrings[13]
	rep_MentalBreakBerserk.rulePack.rulesStrings[14]
	rep_MentalBreakBerserk.rulePack.rulesStrings[15]
	rep_MentalBreakBerserk.rulePack.rulesStrings[16]
	rep_MentalBreakBerserk.rulePack.rulesStrings[17]
	rep_MentalBreakBerserk.rulePack.rulesStrings[18]
	rep_MentalBreakBerserk.rulePack.rulesStrings[19]
	rep_MentalBreakBerserk.rulePack.rulesStrings[20]
	rep_MentalBreakBerserk.rulePack.rulesStrings[21]
	rep_MentalBreakGaveUp.rulePack.rulesStrings[0]
	rep_MentalBreakGaveUp.rulePack.rulesStrings[1]
	rep_MentalBreakGaveUp.rulePack.rulesStrings[2]
	rep_MentalBreakGaveUp.rulePack.rulesStrings[3]
	rep_MentalBreakGaveUp.rulePack.rulesStrings[4]
	rep_MentalBreakGaveUp.rulePack.rulesStrings[5]
	rep_MentalBreakGaveUp.rulePack.rulesStrings[6]
	rep_MentalBreakGaveUp.rulePack.rulesStrings[7]
	rep_MentalBreakGaveUp.rulePack.rulesStrings[8]
	rep_MentalBreakGaveUp.rulePack.rulesStrings[9]
	rep_MentalBreakGaveUp.rulePack.rulesStrings[10]
	rep_MentalBreakGaveUp.rulePack.rulesStrings[11]
	rep_MentalBreakGaveUp.rulePack.rulesStrings[12]
	rep_MentalBreakGaveUp.rulePack.rulesStrings[13]
	rep_MentalBreakGaveUp.rulePack.rulesStrings[14]
	rep_MentalBreakGaveUp.rulePack.rulesStrings[15]
	rep_MentalBreakGaveUp.rulePack.rulesStrings[16]
	rep_MentalBreakGaveUp.rulePack.rulesStrings[17]
++++++++++++++++++++++++++++++
German\DefInjected\ThingDef\Apparel_Shield.xml
++++++++++++++++++++++++++++++
	Apparel_PersonalShield.label
	Apparel_PersonalShield.description
++++++++++++++++++++++++++++++
German\DefInjected\ThingDef\Buildings_Joy.xml
++++++++++++++++++++++++++++++
	HorseshoesPin.label
	HorseshoesPin.description
	ChessTable.label
	ChessTable.description
	BilliardsTable.label
	BilliardsTable.description
	Television.label
	Television.description
	Telescope.label
	Telescope.description
++++++++++++++++++++++++++++++
------------------------------
xmls that are overtranslated (missing in reference language)
------------------------------
Ukrainian\DefInjected\RecipeDef\Recipes_Art.xml
++++++++++++++++++++++++++++++
	MakeSculptureAbstract.label
	MakeSculptureAbstract.description
	MakeSculptureAbstract.jobString
++++++++++++++++++++++++++++++
------------------------------
In BodyPartGroups.xml missing translation for: 
	LeftHand.label
	RightHand.label
Total here: 2
In BrokenStates.xml missing translation for: 
	Berserk.beginLetterLabel
	DazedWander.beginLetterLabel
	BingingAlcohol.beginLetterLabel
	PanicFlee.beginLetterLabel
	GiveUpExit.beginLetterLabel
Total here: 5
In Concepts_Alerts.xml missing translation for: 
	HistoryTab.label
	rep_HistoryTab.helpTexts[0]
Total here: 2
In Concepts_Noted.xml missing translation for: 
	rep_Deterioration.helpTexts[0]
Total here: 1
In DesignationCategories.xml missing translation for: 
	Joy.label
	Joy.description
Total here: 2
In Hediffs_AddedParts.xml missing translation for: 
	ScytherBlade.label
Total here: 1
In Jobs_Misc.xml missing translation for: 
	GotoSafeTemperature.reportString
	GotoWander.reportString
	WaitSafeTemperature.reportString
	WaitWander.reportString
	WaitCombat.reportString
	ManTurret.reportString
	Vomit.reportString
	Flick.reportString
	Ingest.reportString
	TreatPatient.reportString
Total here: 10
In PawnKinds_Mercenary.xml missing translation for: 
	MercenaryGunner.label
	MercenarySlasher.label
	MercenaryHeavy.label
	PirateBoss.label
Total here: 4
In PawnKinds_Outlanders.xml missing translation for: 
	TownCouncilman.label
Total here: 1
In Recipes_Meals.xml missing translation for: 
	CookMealSimpleCampfire.label
	CookMealSimpleCampfire.description
	CookMealSimpleCampfire.jobString
Total here: 3
In Recipes_Production.xml missing translation for: 
	MakeArtilleryShell.label
	MakeArtilleryShell.description
	MakeArtilleryShell.jobString
Total here: 3
In Recipes_Surgery.xml missing translation for: 
	InstallScytherBlade.label
	InstallScytherBlade.description
	InstallScytherBlade.jobString
Total here: 3
In StatCategories.xml missing translation for: 
	Apparel.label
	Weapon.label
	StuffStatFactors.label
	StuffStatOffsets.label
	StuffOfEquipmentStatFactors.label
Total here: 5
In Stats_Apparel.xml missing translation for: 
	Insulation_Cold.label
	Insulation_Cold.description
	Insulation_Heat.label
	Insulation_Heat.description
	PersonalShieldEnergyMax.label
	PersonalShieldEnergyMax.description
	PersonalShieldRechargeRate.label
	PersonalShieldRechargeRate.description
Total here: 8
In Stats_Basics_General.xml missing translation for: 
	MaxHitPoints.label
	MaxHitPoints.description
	Comfort.label
	Comfort.description
Total here: 4
In Stats_Pawns_General.xml missing translation for: 
	ImmunityGainSpeed.label
	ImmunityGainSpeed.description
Total here: 2
In Stats_Pawns_WorkMedical.xml missing translation for: 
	SurgerySuccessChance.label
	SurgerySuccessChance.description
Total here: 2
In Stats_Weapons_Melee.xml missing translation for: 
	MeleeWeapon_DamageAmount.label
	MeleeWeapon_DamageAmount.description
	MeleeWeapon_Cooldown.label
	MeleeWeapon_Cooldown.description
Total here: 4
In ThingCategories.xml missing translation for: 
	Furniture.label
	Headgear.label
	CorpsesHumanlike.label
Total here: 3
In Apparel_Hats.xml missing translation for: 
	Apparel_PsychicFoilHelmet.label
	Apparel_PsychicFoilHelmet.description
Total here: 2
In Buildings_Temperature.xml missing translation for: 
	Vent.label
	Vent.description
Total here: 2
In Plants_Wild_Tropical.xml missing translation for: 
	PlantTreeTeak.label
	PlantTreeTeak.description
Total here: 2
In Things_Special.xml missing translation for: 
	RectTrigger.label
	RectTrigger.description
	MinifiedFurniture.label
Total here: 3
In Weapons_Guns.xml missing translation for: 
	Bullet_SurvivalRifle.label
	Gun_SurvivalRifle.label
	Gun_SurvivalRifle.description
	Bullet_AssaultRifle.label
	Gun_AssaultRifle.label
	Gun_AssaultRifle.description
	Bullet_SniperRifle.label
	Gun_SniperRifle.label
	Gun_SniperRifle.description
	Bullet_PDW.label
	Gun_PDW.label
	Gun_PDW.description
	Bullet_HeavySMG.label
	Gun_HeavySMG.label
	Gun_HeavySMG.description
	Bullet_IncendiaryLauncher.label
	Gun_IncendiaryLauncher.label
	Gun_IncendiaryLauncher.description
	Bullet_LMG.label
	Gun_LMG.label
	Gun_LMG.description
	Bullet_ChargeRifle.label
	Gun_ChargeRifle.label
	Gun_ChargeRifle.description
Total here: 24
In Traits_Spectrum.xml missing translation for: 
	rep_DrugDesire.degreeDatas[0].label
	rep_DrugDesire.degreeDatas[0].description
	rep_DrugDesire.degreeDatas[1].label
	rep_DrugDesire.degreeDatas[1].description
	rep_DrugDesire.degreeDatas[2].label
	rep_DrugDesire.degreeDatas[2].description
Total here: 6
In WorkGivers.xml missing translation for: 
	Flick.verb
	Flick.gerund
	DoctorRescue.verb
	DoctorRescue.gerund
	DoBillsCookCampfire.verb
	DoBillsCookCampfire.gerund
Total here: 6
In WorkTypes.xml missing translation for: 
	Research.labelShort
	Cleaning.labelShort
	Hauling.labelShort
	Crafting.labelShort
	Art.labelShort
	Tailoring.labelShort
	Tailoring.pawnLabel
	Tailoring.gerundLabel
	Tailoring.verb
	Tailoring.description
	Smithing.labelShort
	Smithing.pawnLabel
	Smithing.gerundLabel
	Smithing.verb
	Smithing.description
	PlantCutting.labelShort
	Growing.labelShort
	Mining.labelShort
	Repair.labelShort
	Construction.labelShort
	Hunting.labelShort
	Cooking.labelShort
	Warden.labelShort
	Flicker.labelShort
	Flicker.pawnLabel
	Flicker.gerundLabel
	Flicker.verb
	Flicker.description
	Patient.labelShort
	Doctor.labelShort
	Firefighter.labelShort
Total here: 31
In Alerts.xml missing translation for: 
	PoorMood
	PoorMoodDesc
	TerribleMood
	TerribleMoodDesc
	ShieldUserHasRangedWeapon
	ShieldUserHasRangedWeaponDesc
	FireInHomeRegion
	FireInHomeRegionDesc
	BilliardsNeedsSpace
	BilliardsNeedsSpaceDesc
Total here: 10
In Credits.xml missing translation for: 
	Credits_Developers
	Credits_TitleCommunity
	Credit_ModDonation
	Credit_Moderator
	Credit_WikiMaster
	ThanksForPlaying
Total here: 6
In Designators.xml missing translation for: 
	DesignatorUninstall
	DesignatorUninstallDesc
	TerrainBeingSmoothed
Total here: 3
In Dialog_StatsReports.xml missing translation for: 
	StatsReport_AgeMultiplier
	StatsReport_HealthMultiplier
	StatsReport_MoodMultiplier
	StatsReport_DifficultyMultiplier
	StatsReport_InBed
Total here: 5
In Enums.xml missing translation for: 
	Hilliness_Flat
	Hilliness_SmallHills
	Hilliness_LargeHills
	Hilliness_Mountainous
	TimeAssignment_Anything
	TimeAssignment_Work
	TimeAssignment_Joy
	TimeAssignment_Sleep
Total here: 8
In FloatMenu.xml missing translation for: 
	TryToArrest
	Incapable
	ForceWear
Total here: 3
In GameplayCommands.xml missing translation for: 
	CommandDesignateTogglePowerLabel
	CommandDesignateTogglePowerDesc
	CommandMakeBeaconStockpileDesc
	CommandMakeBeaconStockpileLabel
	CommandSunLampMakeGrowingZoneDesc
	CommandSunLampMakeGrowingZoneLabel
Total here: 6
In Grammar.xml missing translation for: 
	IndefiniteArticle
	DefiniteArticle
	Proits
	ProitsCap
	ProitObj
	ProitObjCap
	Proit
	ProitCap
Total here: 8
In ITabs.xml missing translation for: 
	PrisonerAttemptRecruit
Total here: 1
In Letters.xml missing translation for: 
	AreaRevealedWithMechanoids
Total here: 1
In Menus_Main.xml missing translation for: 
	Difficulty
Total here: 1
In Menus_OTabs.xml missing translation for: 
	OutfitsTab
	TimetablesTab
	CurrentOutfit
	ManageOutfits
	ClearForcedApparel
	ApparelForcedLower
	ForcedApparel
	OutfitEdit
	Copy
	Paste
Total here: 10
In Messages.xml missing translation for: 
	MessageVisitorsTakingWounded
	MessageWornApparelDeterioratedAway
	MessageOutOfNearbyShellsFor
	MessageAnimalsGoPsychoHunted
	LetterLabelMessageRecruitSuccess
	MessageRecruitFailBecauseMood
	MessageRefusedArrest
	MessageInvoluntarySleep
	MessageMedicalOperationFailureCatastrophic
	MessageMedicalOperationFailureMinor
Total here: 10
In Misc_Gameplay.xml missing translation for: 
	RangeSlashEquipment
Total here: 1
Total untranslated tags count: 214
In BodyParts.xml overtranslation for: 
	LeftHandMechanicalRingFinger.label
	RightHandMechanicalRingFinger.label
	LeftFootMechanicalLittleToe.label
	LeftFootMechanicalFourthToe.label
	LeftFootMechanicalMiddleToe.label
	LeftFootMechanicalSecondToe.label
	LeftFootMechanicalBigToe.label
	RightFootMechanicalLittleToe.label
	RightFootMechanicalFourthToe.label
	RightFootMechanicalMiddleToe.label
	RightFootMechanicalSecondToe.label
	RightFootMechanicalBigToe.label
Total here: 12
In BodyPartGroups.xml overtranslation for: 
	LeftFist.label
	RightFist.label
Total here: 2
In DesignationCategories.xml overtranslation for: 
	Decoration.label
	Decoration.description
Total here: 2
In Hediffs_AddedParts.xml overtranslation for: 
	ScytherKnifeProtrusion.label
Total here: 1
In Jobs_Misc.xml overtranslation for: 
	SeekSafeTemperature.reportString
	ManThing.reportString
	EatFood.reportString
	HealPatient.reportString
Total here: 4
In PawnKinds_Mercenary.xml overtranslation for: 
	Mercenary.label
	MercenaryBruiser.label
Total here: 2
In Recipes_Surgery.xml overtranslation for: 
	InstallScytherKnifeProtrusion.label
	InstallScytherKnifeProtrusion.description
	InstallScytherKnifeProtrusion.jobString
Total here: 3
In StatCategories.xml overtranslation for: 
	Armor.label
	Melee.label
	StuffOfEquipmentStatModifiers.label
Total here: 3
In Stats_Basics_General.xml overtranslation for: 
	MaxHealth.label
	MaxHealth.description
Total here: 2
In Stats_Pawns_Combat.xml overtranslation for: 
	MeleeHitChanceFactor.label
	MeleeHitChanceFactor.description
Total here: 2
In Stats_Pawns_WorkRecipes.xml overtranslation for: 
	StonecuttingEfficiency.label
	StonecuttingEfficiency.description
	SmeltingEfficiency.label
	SmeltingEfficiency.description
Total here: 4
In Stats_Weapons_Melee.xml overtranslation for: 
	MeleeWeapon_Agility.label
	MeleeWeapon_Agility.description
Total here: 2
In ThingCategories.xml overtranslation for: 
	CorpsesHumanoid.label
Total here: 1
In Buildings_Art.xml overtranslation for: 
	SculptureAbstract.label
	SculptureAbstract.description
Total here: 2
In Buildings_Structure.xml overtranslation for: 
	WallConduit.label
	WallConduit.description
Total here: 2
In Filth_Various.xml overtranslation for: 
	FilthVomit.label
Total here: 1
In Items_Resources.xml overtranslation for: 
	Plasteel.stuffProps.stuffAdjective
	Cloth.stuffProps.stuffAdjective
	Synthread.stuffProps.stuffAdjective
	DevilstrandCloth.stuffProps.stuffAdjective
	Hyperweave.stuffProps.stuffAdjective
Total here: 5
In Races_Animals.xml overtranslation for: 
	Muffalo_Leather.stuffProps.stuffAdjective
	Deer_Leather.stuffProps.stuffAdjective
	Elk_Leather.stuffProps.stuffAdjective
	Alphabeaver_Leather.stuffProps.stuffAdjective
	Squirrel_Leather.stuffProps.stuffAdjective
	WildBoar_Leather.stuffProps.stuffAdjective
	Rhinoceros_Leather.stuffProps.stuffAdjective
	Dromedary_Leather.stuffProps.stuffAdjective
	Boomrat_Leather.stuffProps.stuffAdjective
	Hare_Leather.stuffProps.stuffAdjective
	Iguana_Leather.stuffProps.stuffAdjective
	Tortoise_Leather.stuffProps.stuffAdjective
	Cobra_Leather.stuffProps.stuffAdjective
	Monkey_Leather.stuffProps.stuffAdjective
Total here: 14
In Races_Humanoid.xml overtranslation for: 
	Human_Leather.stuffProps.stuffAdjective
Total here: 1
In Things_Special.xml overtranslation for: 
	DoorKey.label
	DoorKey.description
Total here: 2
In Weapons_Guns.xml overtranslation for: 
	Bullet_LeeEnfield.label
	Gun_LeeEnfield.label
	Gun_LeeEnfield.description
	Bullet_M16Rifle.label
	Gun_M16Rifle.label
	Gun_M16Rifle.description
	Bullet_M24Rifle.label
	Gun_M24Rifle.label
	Gun_M24Rifle.description
	Bullet_Uzi.label
	Gun_Uzi.label
	Gun_Uzi.description
	Bullet_T9IncendiaryLauncher.label
	Gun_T9IncendiaryLauncher.label
	Gun_T9IncendiaryLauncher.description
	Bullet_L15LMG.label
	Gun_L15LMG.label
	Gun_L15LMG.description
	Bullet_R4ChargeRifle.label
	Gun_R4ChargeRifle.label
	Gun_R4ChargeRifle.description
Total here: 21
In WorkGivers.xml overtranslation for: 
	TogglePower.verb
	TogglePower.gerund
Total here: 2
In Alerts.xml overtranslation for: 
	AlertNeedStockpile
	AlertNeedStockpileDesc
	AlertUnforbidStartingResources
	AlertUnforbidStartingResourcesDesc
	AlertEquipStartingWeapons
	AlertEquipStartingWeaponsDesc
	MentalBreakSoon
	MentalBreakSoonDesc
	MentalBreakImminent
	MentalBreakImminentDesc
	NeedGrowingZone
	NeedGrowingZoneDesc
	TableNeedsChairs
	TableNeedsChairsDesc
Total here: 14
In Credits.xml overtranslation for: 
	Credits_TitleTesting
Total here: 1
In Designators.xml overtranslation for: 
	NothingToHaulHere
Total here: 1
In Dialog_Trees.xml overtranslation for: 
	FactionGreetingWarm
Total here: 1
In Enums.xml overtranslation for: 
	NoneQuality
	PlantQuality
	RawQuality
	MealAwfulQuality
	MealSimpleQuality
	MealFineQuality
	MealLavishLavish
Total here: 7
In FloatMenu.xml overtranslation for: 
	NoManipulationSkill
	Wear
Total here: 2
In Messages.xml overtranslation for: 
	MessageRecruitFailBecauseLoyalty
	MessageTraderCannotAfford
	MessageTraderNotEnoughSilver
Total here: 3
==============================
Total overtranslated tags count: 119
Execution time: 5.305081129074097s
