In Things_Special.xml missing translation for: 
	UnfinishedSculpture.label
	UnfinishedWeapon.label
	UnfinishedApparel.label
	MinifiedSculpture.label
Total here: 4
In Weapons_Guns.xml missing translation for: 
	Bullet_DoomsdayRocket.label
	Gun_DoomsdayRocket.label
	Gun_DoomsdayRocket.description
	Bullet_Rocket.label
	Gun_TripleRocket.label
	Gun_TripleRocket.description
Total here: 6
In Thoughts_Traits.xml missing translation for: 
	rep_MoodOffsetSanguine.stages[0].label
	rep_MoodOffsetSanguine.stages[0].description
	rep_MoodOffsetOptimist.stages[0].label
	rep_MoodOffsetOptimist.stages[0].description
	rep_MoodOffsetPessimist.stages[0].label
	rep_MoodOffsetPessimist.stages[0].description
	rep_MoodOffsetDepressive.stages[0].label
	rep_MoodOffsetDepressive.stages[0].description
Total here: 8
In Traits_Spectrum.xml missing translation for: 
	rep_TemperaturePreference.degreeDatas[0].label
	rep_TemperaturePreference.degreeDatas[0].description
	rep_TemperaturePreference.degreeDatas[1].label
	rep_TemperaturePreference.degreeDatas[1].description
	rep_TemperaturePreference.degreeDatas[2].label
	rep_TemperaturePreference.degreeDatas[2].description
	rep_TemperaturePreference.degreeDatas[3].label
	rep_TemperaturePreference.degreeDatas[3].description
Total here: 8
In Alerts.xml missing translation for: 
	HunterLacksWeapon
	HunterLacksWeaponDesc
	BrawlerHasRangedWeapon
	BrawlerHasRangedWeaponDesc
	AlertHypothermia
	AlertHypothermiaDesc
Total here: 6
In Designators.xml missing translation for: 
	DesignatorSmoothFloor
	DesignatorSmoothFloorDesc
	DesignatorRegionSnowClearAdd
	DesignatorRegionSnowClearAddDesc
	DesignatorRegionSnowClearRemove
	DesignatorRegionSnowClearRemoveDesc
Total here: 6
In Dialogs_Various.xml missing translation for: 
	MapTemperatureDangerWarning
	MapStartMonth
	MapStartMonthDefault
	WorkAmount
	BillRequiresMayVary
	MarketValue
Total here: 6
In Dialog_Trees.xml missing translation for: 
	FactionGreetingFriendly
Total here: 1
In Enums.xml missing translation for: 
	Dendrovorous
	QualityCategory_Awful
	QualityCategory_Shoddy
	QualityCategory_Poor
	QualityCategory_Normal
	QualityCategory_Good
	QualityCategory_Superior
	QualityCategory_Excellent
	QualityCategory_Masterwork
	QualityCategory_Legendary
Total here: 10
In FloatMenu.xml missing translation for: 
	SelfDestructHere
	EnterCryptosleepCasket
	CannotMissingHealthActivities
Total here: 3
In GameplayCommands.xml missing translation for: 
	CommandResetTemp
	CommandResetTempDesc
	CommandRaiseTempDesc
	CommandLowerTempDesc
	CommandInstall
	CommandInstallDesc
Total here: 6
In Incidents.xml missing translation for: 
	LetterHeatWave
	HeatWaveOver
	LetterColdSnap
	ColdSnapOver
	BeaversArrived
Total here: 5
In Letters.xml missing translation for: 
	FirstSummerWarning
	MentalBreakRecoveryRampage
	MentalBreakRecoveryDaze
	MentalBreakRecoveryLeave
Total here: 4
In Menus_Main.xml missing translation for: 
	AvgJanTemp
	AvgJulTemp
	StoneTypesHere
Total here: 3
In Menu_Options.xml missing translation for: 
	KeyboardConfig
	LogVerbose
Total here: 2
In Messages.xml missing translation for: 
	MessageSeasonBegun
	MessageMustDesignateMineable
	MessageMustDesignateHuntable
	MessageMustDesignateClaimable
	MessageMustDesignateSmoothableFloor
Total here: 5
In Misc_Gameplay.xml missing translation for: 
	DevelopedImmunityLower
	Race
	Description
	UnknownLower
	SnowNone
	SnowDusting
	SnowThin
	SnowMedium
	SnowThick
	RangeSlashEquipment
	TargetTemperature
	PowerConsumptionMode
	PowerConsumptionHigh
	PowerConsumptionLow
	Indoors
	Outdoors
	CurrentlyFrozen
	CurrentlyRefrigerated
	NotRefrigerated
	OverADecade
	OutOfIdealTemperatureRange
	OutOfIdealTemperatureRangeNotGrowing
	OutdoorGrowingPeriod
	NoGrowingPeriod
	GrowYearRound
	CannotGrowTooCold
	ClearAll
	MustPlaceCoolerWithFreeSpaces
	WindTurbine_WindPathIsBlockedBy
	WindTurbine_WindPathIsBlockedByRoof
	CasketContains
	CasketUnknownContents
	CasketWarning
	Installed
	NotInstalled
	Title
	Untitled
	UnfinishedItem
	UnfinishedItemWithStuff
	Quality
	QualityDescription
	QualityIs
Total here: 42
Total untranslated tags count: 125
In Thoughts_Traits.xml overtranslation for: 
	MoodOffsetSanguine.label
	MoodOffsetSanguine.description
	MoodOffsetOptimist.label
	MoodOffsetOptimist.description
	MoodOffsetPessimist.label
	MoodOffsetPessimist.description
	MoodOffsetDepressive.label
	MoodOffsetDepressive.description
Total here: 8
In Alerts.xml overtranslation for: 
	EquipStartingEquipment
	EquipStartingEquipmentDesc
Total here: 2
In Dialogs_Various.xml overtranslation for: 
	Type
	GunType
	PlantType
	FoodType
	HumanType
	AnimalType
	MechanoidType
	baseMarketValue
	NaturalArmorCovers
Total here: 9
In Dialog_Trees.xml overtranslation for: 
	FactionGreetingWarm
Total here: 1
In Enums.xml overtranslation for: 
	StatCategory_General
	StatCategory_GeneralNonPawn
	StatCategory_Armor
	StatCategory_PawnPrimary
	StatCategory_PawnWork
	StatCategory_PawnCombat
	StatCategory_PawnSocial
	StatCategory_PawnMisc
	StatCategory_Building
	EquippedStatOffsets
	StuffOfEquipmentStatModifiers
Total here: 11
In FloatMenu.xml overtranslation for: 
	EnterCryptosleepPod
Total here: 1
In Menu_Options.xml overtranslation for: 
	LogDeepProfileData
Total here: 1
In Misc_Gameplay.xml overtranslation for: 
	RecoveringDiseaseLower
	TotalModifiers
	DamageAbsorption
	DamageDeflection
	TimeToSpoil
	PodContains
Total here: 6
==============================
Total overtranslated tags count: 39
Execution time: 6.609704971313477s
