------------------------------
xmls that are missing completely
------------------------------
Russian\DefInjected\RulePackDef\RulePacks_DescriptionMakers_Art.xml
Russian\DefInjected\RulePackDef\RulePacks_Global.xml
Russian\DefInjected\RulePackDef\RulePacks_NameMakers_Animals.xml
Russian\DefInjected\RulePackDef\RulePacks_NameMakers_Art.xml
Russian\DefInjected\RulePackDef\RulePacks_NameMakers_Factions.xml
Russian\DefInjected\RulePackDef\RulePacks_NameMakers_People.xml
Russian\DefInjected\RulePackDef\RulePacks_NameMakers_Traders.xml
Russian\DefInjected\RulePackDef\RulePacks_TalelessImages.xml
Russian\DefInjected\RulePackDef\RulePacks_Utility.xml
Russian\DefInjected\TaleDef\Tales_DoublePawn.xml
Russian\DefInjected\TaleDef\Tales_Misc.xml
Russian\DefInjected\TaleDef\Tales_SinglePawn.xml
Russian\DefInjected\ThoughtDef\Thoughts_Artifacts.xml
Russian\DefInjected\ThoughtDef\Thoughts_Implants.xml
Russian\DefInjected\ThoughtDef\Thoughts_RoomStats.xml
Russian\DefInjected\TradeDialogSorterDef\TradeDialogSorters.xml
Russian\DefInjected\TrainableDef\Trainables.xml
------------------------------
In BrokenStates.xml missing translation for: 
	ConfusedWander.label
	ConfusedWander.beginLetterLabel
	ConfusedWander.beginLetter
	ConfusedWander.recoveryMessage
	ConfusedWander.inspectLine
Total here: 5
In Concepts_Alerts.xml missing translation for: 
	WorkTab.label
	rep_WorkTab.helpTexts[0]
Total here: 2
In Concepts_Entry.xml missing translation for: 
	WorldCameraMovement.helpTexts.0
Total here: 1
In Concepts_Noted.xml missing translation for: 
	CameraDolly.helpTexts.0
	Rescuing.helpTexts.0
	Capturing.helpTexts.0
	Capturing.helpTexts.1
	Drafting.helpTexts.0
	Drafting.helpTexts.1
	AnimalsDontAttackDoors.helpTexts.0
	BillsTab.helpTexts.0
	AnimalTraining.helpTexts.0
	StorageTabCategories.helpTexts.0
	Mining.helpTexts.0
	OpeningComms.helpTexts.0
	Deterioration.helpTexts.0
	InspectRoomStats.helpTexts.0
Total here: 14
In Concepts_TriggeredModal.xml missing translation for: 
	TradeGoodsMustBeNearBeacon.helpTexts.0
	ArrestingCreatesEnemies.helpTexts.0
	SwitchFlickingDesignation.helpTexts.0
Total here: 3
In Damages_LocalInjury.xml missing translation for: 
	ToxicBite.label
	ToxicBite.deathMessage
Total here: 2
In Hediffs_Drugs.xml missing translation for: 
	Alcohol.stages.0.label
	Alcohol.stages.1.label
	Alcohol.stages.2.label
	Alcohol.stages.3.label
	Alcohol.stages.4.label
	Alcohol.stages.5.label
	Hangover.stages.0.label
	Hangover.stages.1.label
	Hangover.stages.2.label
	Hangover.stages.3.label
Total here: 10
In Hediffs_GlobalMisc.xml missing translation for: 
	BloodLoss.stages.0.label
	BloodLoss.stages.1.label
	BloodLoss.stages.2.label
	BloodLoss.stages.3.label
	BloodLoss.stages.4.label
	PsychicShock.label
	ToxicBuildup.stages.0.label
	ToxicBuildup.stages.1.label
	ToxicBuildup.stages.2.label
	ToxicBuildup.stages.3.label
	ToxicBuildup.stages.4.label
	ToxicBuildup.stages.5.label
	Pregnant.label
	Pregnant.comps.0.discoverLetterLabel
	Pregnant.comps.0.discoverLetterText
	Pregnant.stages.0.label
	Pregnant.stages.1.label
	Pregnant.stages.2.label
Total here: 18
In Hediffs_Infections.xml missing translation for: 
	WoundInfection.stages.0.label
	WoundInfection.stages.1.label
	WoundInfection.stages.2.label
	WoundInfection.stages.3.label
	WoundInfection.stages.4.label
	Flu.stages.0.label
	Flu.stages.1.label
	Flu.stages.2.label
	Flu.stages.3.label
	Flu.stages.4.label
	Plague.stages.0.label
	Plague.stages.1.label
	Plague.stages.2.label
	Plague.stages.3.label
	Plague.stages.4.label
	Plague.stages.5.label
	Malaria.stages.0.label
	Malaria.stages.1.label
	Malaria.stages.2.label
	Malaria.stages.3.label
	Malaria.stages.4.label
	SleepingSickness.stages.0.label
	SleepingSickness.stages.1.label
	SleepingSickness.stages.2.label
	SleepingSickness.stages.3.label
	SleepingSickness.stages.4.label
	SleepingSickness.stages.5.label
	SleepingSickness.stages.6.label
Total here: 28
In Hediffs_Injuries.xml missing translation for: 
	BrainDamage.label
	BrainDamage.comps.0.oldLabel
	BrainDamage.injuryProps.destroyedLabel
Total here: 3
In Hediffs_Needs.xml missing translation for: 
	Malnutrition.stages.0.label
	Malnutrition.stages.1.label
	Malnutrition.stages.2.label
	Malnutrition.stages.3.label
	Malnutrition.stages.4.label
Total here: 5
In Hediffs_Temperature.xml missing translation for: 
	Heatstroke.stages.0.label
	Heatstroke.stages.1.label
	Heatstroke.stages.2.label
	Heatstroke.stages.3.label
	Heatstroke.stages.4.label
	Hypothermia.stages.0.label
	Hypothermia.stages.1.label
	Hypothermia.stages.2.label
	Hypothermia.stages.3.label
	Hypothermia.stages.4.label
Total here: 10
In Incidents_Bad_Misc.xml missing translation for: 
	Flashstorm.letterLabel
	Flashstorm.letterText
Total here: 2
In Jobs_Joy.xml missing translation for: 
	BuildSnowman.reportString
	VisitGrave.reportString
Total here: 2
In Jobs_Misc.xml missing translation for: 
	Open.reportString
	UseArtifact.reportString
Total here: 2
In Jobs_Work.xml missing translation for: 
	Slaughter.reportString
	Shear.reportString
	Milk.reportString
	Tame.reportString
	Train.reportString
	RemoveFloor.reportString
	Uninstall.reportString
	PrisonerAttemptRecruit.reportString
	BuryCorpse.reportString
Total here: 9
In KeyBindingCategories.xml missing translation for: 
	MainTabs.label
	MainTabs.description
Total here: 2
In LifeStages.xml missing translation for: 
	HumanlikeTeenager.adjective
Total here: 1
In MapConditions_Misc.xml missing translation for: 
	Flashstorm.label
	Flashstorm.description
	Flashstorm.endMessage
Total here: 3
In Recipes_Surgery.xml missing translation for: 
	InstallJoywire.label
	InstallJoywire.description
	InstallJoywire.jobString
	InstallPainstopper.label
	InstallPainstopper.description
	InstallPainstopper.jobString
Total here: 6
In RoomRoles.xml missing translation for: 
	RecRoom.label
Total here: 1
In RulePacks_NameMaker_World.xml missing translation for: 
	NamerWorld.rulePack.rulesStrings.0
	NamerWorld.rulePack.rulesStrings.1
	NamerWorld.rulePack.rulesStrings.2
	NamerWorld.rulePack.rulesStrings.3
	NamerWorld.rulePack.rulesStrings.4
Total here: 5
In Skills.xml missing translation for: 
	Shooting.description
	Melee.description
	Social.description
	Animals.skillLabel
	Animals.pawnLabel
	Animals.description
	Medicine.description
	Cooking.description
	Construction.description
	Growing.description
	Mining.description
	Artistic.description
	Crafting.description
	Research.description
Total here: 14
In SpecialThingFilters.xml missing translation for: 
	AllowNonSmeltableWeapons.label
	AllowNonSmeltableWeapons.description
	AllowPlantFood.label
	AllowPlantFood.description
Total here: 4
In Stats_Basics_General.xml missing translation for: 
	Cleanliness.label
	Cleanliness.description
Total here: 2
In Stats_Building_Special.xml missing translation for: 
	ResearchSpeedFactor.label
	ResearchSpeedFactor.description
	MedicalTreatmentQualityFactor.label
	MedicalTreatmentQualityFactor.description
	ImmunityGainSpeedFactor.label
	ImmunityGainSpeedFactor.description
	WorkTableWorkSpeedFactor.label
	WorkTableWorkSpeedFactor.description
Total here: 8
In Stats_Pawns_Combat.xml missing translation for: 
	MeleeDPS.label
	MeleeDPS.description
Total here: 2
In Stats_Pawns_General.xml missing translation for: 
	CarryingCapacity.label
	CarryingCapacity.description
	MeatAmount.label
	MeatAmount.description
	LeatherAmount.label
	LeatherAmount.description
	MinimumHandlingSkill.label
	MinimumHandlingSkill.description
Total here: 8
In Stats_Pawns_Social.xml missing translation for: 
	TameAnimalChance.label
	TameAnimalChance.description
	TrainAnimalChance.label
	TrainAnimalChance.description
Total here: 4
In Stats_Pawns_WorkGeneral.xml missing translation for: 
	HarvestFailChance.label
	HarvestFailChance.description
Total here: 2
In Terrain_Floors.xml missing translation for: 
	SilverTile.label
	SilverTile.Description
	GoldTile.label
	GoldTile.Description
	SterileTile.label
	SterileTile.Description
	CarpetCream.label
	CarpetCream.description
	CarpetDark.label
	CarpetDark.description
Total here: 10
In Terrain_FloorsStoneTile.xml missing translation for: 
	Sandstone_Rough.label
	Sandstone_RoughHewn.label
	Sandstone_Smooth.label
	Granite_Rough.label
	Granite_RoughHewn.label
	Granite_Smooth.label
	Slate_Rough.label
	Slate_RoughHewn.label
	Slate_Smooth.label
	Limestone_Rough.label
	Limestone_RoughHewn.label
	Limestone_Smooth.label
	Marble_Rough.label
	Marble_RoughHewn.label
	Marble_Smooth.label
Total here: 15
In ThingCategories.xml missing translation for: 
	OtherFoodRaw.label
	EggsUnfertilized.label
	EggsFertilized.label
	BodyPartsAndImplants.label
Total here: 4
In Buildings_Exotic.xml missing translation for: 
	CrashedPsychicEmanatorShipPart.label
	CrashedPsychicEmanatorShipPart.description
	CrashedPoisonShipPart.label
	CrashedPoisonShipPart.description
Total here: 4
In Buildings_Furniture.xml missing translation for: 
	AnimalSleepingSpot.label
	AnimalSleepingSpot.description
	AnimalSleepingBox.label
	AnimalSleepingBox.description
	AnimalBed.label
	AnimalBed.description
Total here: 6
In Buildings_Misc.xml missing translation for: 
	MultiAnalyzer.label
	MultiAnalyzer.description
	VitalsMonitor.label
	VitalsMonitor.description
	ToolCabinet.label
	ToolCabinet.description
	Sarcophagus.label
	Sarcophagus.description
Total here: 8
In Filth_Various.xml missing translation for: 
	FilthAmnioticFluid.label
	FilthAnimalFilth.label
Total here: 2
In Items_Exotic.xml missing translation for: 
	ThrumboHorn.label
	ThrumboHorn.description
	ElephantTusk.label
	ElephantTusk.description
Total here: 4
In Items_Resource_Stuff.xml missing translation for: 
	MuffaloWool.label
	MuffaloWool.description
	MuffaloWool.stuffProps.stuffAdjective
	CamelHair.label
	CamelHair.description
	CamelHair.stuffProps.stuffAdjective
	AlpacaWool.label
	AlpacaWool.description
	AlpacaWool.stuffProps.stuffAdjective
Total here: 9
In Plants_Cultivated.xml missing translation for: 
	PlantHaygrass.label
	PlantHaygrass.description
Total here: 2
In Races_Animal_Arid.xml missing translation for: 
	Muffalo.label
	Iguana.label
	Rhinoceros.label
	Dromedary.label
	Elephant.label
Total here: 5
In Races_Animal_Farm.xml missing translation for: 
	Chicken.label
	Pig.label
	Cow.label
	Alpaca.label
Total here: 4
In Races_Animal_Pet.xml missing translation for: 
	Warg.label
	YorkshireTerrier.label
	Husky.label
	LabradorRetriever.label
Total here: 4
In Races_Animal_Temperate.xml missing translation for: 
	Deer.label
	Squirrel.label
	Elk.label
	Alphabeaver.label
	WildBoar.label
	Boomrat.label
	Hare.label
	Tortoise.label
	Thrumbo.label
Total here: 9
In Races_Animal_Tropical.xml missing translation for: 
	Cobra.label
	Monkey.label
	Chinchilla.label
	Boomalope.label
	Capybara.label
Total here: 5
In Races_Mechanoid.xml missing translation for: 
	Mechanoid_Centipede_Corpse.label
	Mechanoid_Centipede_Corpse.description
	Mechanoid_Scyther_Corpse.label
	Mechanoid_Scyther_Corpse.description
Total here: 4
In Weapons_Grenades.xml missing translation for: 
	Weapon_GrenadeFrag.verbs.0.label
	Weapon_GrenadeMolotov.verbs.0.label
	Weapon_GrenadeEMP.verbs.0.label
Total here: 3
In Thoughts_Broken.xml missing translation for: 
	CurrentlyBrokenBerserk.stages.0.label
	CurrentlyBrokenBerserk.stages.0.description
	CurrentlyBrokenSad.stages.0.label
	CurrentlyBrokenSad.stages.0.description
	CurrentlyBrokenPanicFlee.stages.0.label
	CurrentlyBrokenPanicFlee.stages.0.description
Total here: 6
In Thoughts_ConditionsDrugs.xml missing translation for: 
	Inebriated.stages.0.label
	Inebriated.stages.0.description
	Inebriated.stages.1.label
	Inebriated.stages.1.description
	Inebriated.stages.2.label
	Inebriated.stages.2.description
	Inebriated.stages.3.label
	Inebriated.stages.3.description
	Inebriated.stages.4.label
	Inebriated.stages.4.description
	Hungover.stages.0.label
	Hungover.stages.0.description
	Hungover.stages.1.label
	Hungover.stages.1.description
	Hungover.stages.2.label
	Hungover.stages.2.description
	Hungover.stages.3.label
	Hungover.stages.3.description
Total here: 18
In Thoughts_ConditionsGeneral.xml missing translation for: 
	Crowded.stages.0.label
	Crowded.stages.0.description
	Crowded.stages.1.label
	Crowded.stages.1.description
	Crowded.stages.2.label
	Crowded.stages.2.description
Total here: 6
In Thoughts_ConditionsSpecial.xml missing translation for: 
	Imprisoned.stages.0.label
	Imprisoned.stages.0.description
	SharedBedroom.stages.0.label
	SharedBedroom.stages.0.description
	ColonistLeftUnburied.stages.0.label
	ColonistLeftUnburied.stages.0.description
	Naked.stages.0.label
	Naked.stages.0.description
	Pain.stages.0.label
	Pain.stages.0.description
	Pain.stages.1.label
	Pain.stages.1.description
	Pain.stages.2.label
	Pain.stages.2.description
	Pain.stages.3.label
	Pain.stages.3.description
Total here: 16
In Thoughts_Debug.xml missing translation for: 
	DebugBad.stages.0.label
	DebugBad.stages.0.description
	DebugGood.stages.0.label
	DebugGood.stages.0.description
Total here: 4
In Thoughts_Memories.xml missing translation for: 
	KnowGuestExecuted.stages.0.label
	KnowGuestExecuted.stages.0.description
	KnowGuestExecuted.stages.1.label
	KnowGuestExecuted.stages.1.description
	KnowGuestExecuted.stages.2.label
	KnowGuestExecuted.stages.2.description
	KnowColonistExecuted.stages.0.label
	KnowColonistExecuted.stages.0.description
	KnowColonistExecuted.stages.1.label
	KnowColonistExecuted.stages.1.description
	KnowColonistExecuted.stages.2.label
	KnowColonistExecuted.stages.2.description
	KnowGuestOrganHarvested.stages.0.label
	KnowGuestOrganHarvested.stages.0.description
	KnowColonistOrganHarvested.stages.0.label
	KnowColonistOrganHarvested.stages.0.description
	MyOrganHarvested.stages.0.label
	MyOrganHarvested.stages.0.description
	Nuzzled.stages.0.label
	Nuzzled.stages.0.description
	SomeoneBuriedInSarcophagus.stages.0.label
	SomeoneBuriedInSarcophagus.stages.0.description
Total here: 22
In Thoughts_Needs.xml missing translation for: 
	Hungry.stages.0.label
	Hungry.stages.0.description
	Hungry.stages.1.label
	Hungry.stages.1.description
	Hungry.stages.2.label
	Hungry.stages.2.description
	Tired.stages.0.label
	Tired.stages.0.description
	Tired.stages.1.label
	Tired.stages.1.description
	Tired.stages.2.label
	Tired.stages.2.description
	JoyLevel.stages.0.label
	JoyLevel.stages.0.description
	JoyLevel.stages.1.label
	JoyLevel.stages.1.description
	JoyLevel.stages.2.label
	JoyLevel.stages.2.description
	JoyLevel.stages.3.label
	JoyLevel.stages.3.description
	JoyLevel.stages.4.label
	JoyLevel.stages.4.description
	ComfortLevel.stages.0.label
	ComfortLevel.stages.0.description
	ComfortLevel.stages.1.label
	ComfortLevel.stages.1.description
	ComfortLevel.stages.2.label
	ComfortLevel.stages.2.description
	ComfortLevel.stages.3.label
	ComfortLevel.stages.3.description
	ComfortLevel.stages.4.label
	ComfortLevel.stages.4.description
	EnvironmentUgly.stages.0.label
	EnvironmentUgly.stages.0.description
	EnvironmentUgly.stages.1.label
	EnvironmentUgly.stages.1.description
	EnvironmentUgly.stages.2.label
	EnvironmentUgly.stages.2.description
	EnvironmentPretty.stages.0.label
	EnvironmentPretty.stages.0.description
	EnvironmentPretty.stages.1.label
	EnvironmentPretty.stages.1.description
	EnvironmentPretty.stages.2.label
	EnvironmentPretty.stages.2.description
	EnvironmentCramped.stages.0.label
	EnvironmentCramped.stages.0.description
	EnvironmentCramped.stages.1.label
	EnvironmentCramped.stages.1.description
	EnvironmentSpaciousInterior.stages.0.label
	EnvironmentSpaciousInterior.stages.0.description
Total here: 50
In Thoughts_PsychicDrone.xml missing translation for: 
	PsychicDrone.stages.0.label
	PsychicDrone.stages.0.description
	PsychicDrone.stages.1.label
	PsychicDrone.stages.1.description
	PsychicDrone.stages.2.label
	PsychicDrone.stages.2.description
	PsychicDrone.stages.3.label
	PsychicDrone.stages.3.description
	PsychicDrone.stages.4.label
	PsychicDrone.stages.4.description
Total here: 10
In Thoughts_RandomMood.xml missing translation for: 
	FeelingRandom.stages.0.label
	FeelingRandom.stages.0.description
	FeelingRandom.stages.1.label
	FeelingRandom.stages.1.description
	FeelingRandom.stages.2.label
	FeelingRandom.stages.2.description
	FeelingRandom.stages.3.label
	FeelingRandom.stages.3.description
Total here: 8
In Thoughts_TraitsConditional.xml missing translation for: 
	MasochistPain.stages.0.label
	MasochistPain.stages.0.description
	MasochistPain.stages.1.label
	MasochistPain.stages.1.description
	MasochistPain.stages.2.label
	MasochistPain.stages.2.description
	MasochistPain.stages.3.label
	MasochistPain.stages.3.description
	ProsthophileNoProsthetic.stages.0.label
	ProsthophileNoProsthetic.stages.0.description
	ProsthophileHappy.stages.0.label
	ProsthophileHappy.stages.0.description
	ProsthophobeUnhappy.stages.0.label
	ProsthophobeUnhappy.stages.0.description
	BrawlerUnhappy.stages.0.label
	BrawlerUnhappy.stages.0.description
	ClothedNudist.stages.0.label
	ClothedNudist.stages.0.description
	HappyNude.stages.0.label
	HappyNude.stages.0.description
	NightOwlDuringTheDay.stages.0.label
	NightOwlDuringTheDay.stages.0.description
	NightOwlDuringTheNight.stages.0.label
	NightOwlDuringTheNight.stages.0.description
	Greedy.stages.0.label
	Greedy.stages.0.description
	Greedy.stages.1.label
	Greedy.stages.1.description
	Greedy.stages.2.label
	Greedy.stages.2.description
	Greedy.stages.3.label
	Greedy.stages.3.description
	Greedy.stages.4.label
	Greedy.stages.4.description
	Jealous.stages.0.label
	Jealous.stages.0.description
	Ascetic.stages.0.label
	Ascetic.stages.0.description
	Ascetic.stages.1.label
	Ascetic.stages.1.description
	Ascetic.stages.2.label
	Ascetic.stages.2.description
	Ascetic.stages.5.label
	Ascetic.stages.5.description
	Ascetic.stages.6.label
	Ascetic.stages.6.description
	Ascetic.stages.7.label
	Ascetic.stages.7.description
	Ascetic.stages.8.label
	Ascetic.stages.8.description
	Ascetic.stages.9.label
	Ascetic.stages.9.description
	Ascetic.stages.10.label
	Ascetic.stages.10.description
	Ascetic.stages.11.label
	Ascetic.stages.11.description
Total here: 56
In Thoughts_TraitsPermanent.xml missing translation for: 
	MoodOffsetSanguine.stages.0.label
	MoodOffsetSanguine.stages.0.description
	MoodOffsetOptimist.stages.0.label
	MoodOffsetOptimist.stages.0.description
	MoodOffsetPessimist.stages.0.label
	MoodOffsetPessimist.stages.0.description
	MoodOffsetDepressive.stages.0.label
	MoodOffsetDepressive.stages.0.description
Total here: 8
In Traits_Singular.xml missing translation for: 
	Nudist.degreeDatas.0.label
	Nudist.degreeDatas.0.description
	Bloodlust.degreeDatas.0.label
	Bloodlust.degreeDatas.0.description
	Psychopath.degreeDatas.0.label
	Psychopath.degreeDatas.0.description
	Cannibal.degreeDatas.0.label
	Cannibal.degreeDatas.0.description
	Abrasive.degreeDatas.0.label
	Abrasive.degreeDatas.0.description
	TriggerHappy.degreeDatas.0.label
	TriggerHappy.degreeDatas.0.description
	CarefulShooter.degreeDatas.0.label
	CarefulShooter.degreeDatas.0.description
	TooSmart.degreeDatas.0.label
	TooSmart.degreeDatas.0.description
	Brawler.degreeDatas.0.label
	Brawler.degreeDatas.0.description
	Masochist.degreeDatas.0.label
	Masochist.degreeDatas.0.description
	Prosthophile.degreeDatas.0.label
	Prosthophile.degreeDatas.0.description
	Prosthophobe.degreeDatas.0.label
	Prosthophobe.degreeDatas.0.description
	GreenThumb.degreeDatas.0.label
	GreenThumb.degreeDatas.0.description
	NightOwl.degreeDatas.0.label
	NightOwl.degreeDatas.0.description
	Greedy.degreeDatas.0.label
	Greedy.degreeDatas.0.description
	Jealous.degreeDatas.0.label
	Jealous.degreeDatas.0.description
	Ascetic.degreeDatas.0.label
	Ascetic.degreeDatas.0.description
	AbsentMinded.degreeDatas.0.label
	AbsentMinded.degreeDatas.0.description
Total here: 36
In Traits_Spectrum.xml missing translation for: 
	SpeedOffset.degreeDatas.0.label
	SpeedOffset.degreeDatas.0.description
	SpeedOffset.degreeDatas.1.label
	SpeedOffset.degreeDatas.1.description
	SpeedOffset.degreeDatas.2.label
	SpeedOffset.degreeDatas.2.description
	DrugDesire.degreeDatas.0.label
	DrugDesire.degreeDatas.0.description
	DrugDesire.degreeDatas.1.label
	DrugDesire.degreeDatas.1.description
	DrugDesire.degreeDatas.2.label
	DrugDesire.degreeDatas.2.description
	NaturalMood.degreeDatas.0.label
	NaturalMood.degreeDatas.0.description
	NaturalMood.degreeDatas.1.label
	NaturalMood.degreeDatas.1.description
	NaturalMood.degreeDatas.2.label
	NaturalMood.degreeDatas.2.description
	NaturalMood.degreeDatas.3.label
	NaturalMood.degreeDatas.3.description
	Nerves.degreeDatas.0.label
	Nerves.degreeDatas.0.description
	Nerves.degreeDatas.1.label
	Nerves.degreeDatas.1.description
	Nerves.degreeDatas.2.label
	Nerves.degreeDatas.2.description
	Nerves.degreeDatas.3.label
	Nerves.degreeDatas.3.description
	Neurotic.degreeDatas.0.label
	Neurotic.degreeDatas.0.description
	Neurotic.degreeDatas.1.label
	Neurotic.degreeDatas.1.description
	Industriousness.degreeDatas.0.label
	Industriousness.degreeDatas.0.description
	Industriousness.degreeDatas.1.label
	Industriousness.degreeDatas.1.description
	Industriousness.degreeDatas.2.label
	Industriousness.degreeDatas.2.description
	Industriousness.degreeDatas.3.label
	Industriousness.degreeDatas.3.description
	PsychicSensitivity.degreeDatas.0.label
	PsychicSensitivity.degreeDatas.0.description
	PsychicSensitivity.degreeDatas.1.label
	PsychicSensitivity.degreeDatas.1.description
	PsychicSensitivity.degreeDatas.2.label
	PsychicSensitivity.degreeDatas.2.description
	PsychicSensitivity.degreeDatas.3.label
	PsychicSensitivity.degreeDatas.3.description
	TemperaturePreference.degreeDatas.0.label
	TemperaturePreference.degreeDatas.0.description
	TemperaturePreference.degreeDatas.1.label
	TemperaturePreference.degreeDatas.1.description
	TemperaturePreference.degreeDatas.2.label
	TemperaturePreference.degreeDatas.2.description
	TemperaturePreference.degreeDatas.3.label
	TemperaturePreference.degreeDatas.3.description
Total here: 56
In WorkGivers.xml missing translation for: 
	Slaughter.verb
	Slaughter.gerund
	Milk.verb
	Milk.gerund
	Shear.verb
	Shear.gerund
	Tame.verb
	Tame.gerund
	Train.verb
	Train.gerund
	BuryCorpses.verb
	BuryCorpses.gerund
	DoctorRescue.verb
	DoctorRescue.gerund
	Uninstall.verb
	Uninstall.gerund
	ConstructRemoveFloors.verb
	ConstructRemoveFloors.gerund
	DoBillsCookCampfire.verb
	DoBillsCookCampfire.gerund
	DoBillsSmelter.verb
	DoBillsSmelter.gerund
	DoBillsMachiningTable.verb
	DoBillsMachiningTable.gerund
Total here: 24
In WorkTypes.xml missing translation for: 
	Handling.labelShort
	Handling.pawnLabel
	Handling.gerundLabel
	Handling.verb
	Handling.description
Total here: 5
In Alerts.xml missing translation for: 
	LowMedicine
	LowMedicineDesc
	NoMedicineDesc
	HunterHasShieldAndRangedWeapon
	HunterHasShieldAndRangedWeaponDesc
Total here: 5
In Designators.xml missing translation for: 
	ManageAreas
	DesignatorOpen
	DesignatorOpenDesc
	DesignatorSlaughter
	DesignatorSlaughterDesc
	DesignatorTame
	DesignatorTameDesc
Total here: 7
In Dialogs_Various.xml missing translation for: 
	RecoveredFromErrorsDialogTitle
	RecoveredFromErrorsText
	ProblemSavingFile
	BillRequiresNutrition
	MoodChange
	Wildness
	WildnessExplanation
	SortBy
Total here: 8
In Dialog_StatsReports.xml missing translation for: 
	StatsReport_LifeStage
	StatsReport_Facilities
	StatsReport_BodySize
	StatsReport_MeleeDPSExplanation
	StatsReport_MeleeDamage
	StatsReport_Cooldown
	StatsReport_MeleeHitChance
	StatsReport_CooldownFormat
	StatsReport_LifeExpectancy
	AverageOfAllAttacks
Total here: 10
In Enums.xml missing translation for: 
	WorkshopInteractStage_CreatingItem
	WorkshopInteractStage_SubmittingItem
	EItemUpdateStatus_k_EItemUpdateStatusInvalid
	EItemUpdateStatus_k_EItemUpdateStatusPreparingConfig
	EItemUpdateStatus_k_EItemUpdateStatusPreparingContent
	EItemUpdateStatus_k_EItemUpdateStatusUploadingContent
	EItemUpdateStatus_k_EItemUpdateStatusUploadingPreviewFile
	EItemUpdateStatus_k_EItemUpdateStatusCommittingChanges
	TrainableIntelligence_None
	TrainableIntelligence_Simple
	TrainableIntelligence_Intermediate
	TrainableIntelligence_Advanced
	MedicalCareCategory_NoCare
	MedicalCareCategory_NoMeds
	MedicalCareCategory_HerbalOrWorse
	MedicalCareCategory_NormalOrWorse
	MedicalCareCategory_Best
Total here: 17
In FloatMenu.xml missing translation for: 
	NoEmptyGraveLower
	AnimalInteractedTooRecently
	NoUsableFood
	AnimalsSkillTooLow
Total here: 4
In GameplayCommands.xml missing translation for: 
	CommandGraveAssignColonistLabel
	CommandGraveAssignColonistDesc
	CommandGraveSetToUnassignedLabel
	CommandGraveSetToUnassignedDesc
	BuildingAssign
	CommandToggleDoorForbid
	CommandToggleDoorForbidDesc
	CommandReleaseAnimalsLabel
	CommandReleaseAnimalsDesc
Total here: 9
In Grammar.xml missing translation for: 
	IndefiniteArticle
	DefiniteArticle
	IndefiniteForm
	DefiniteForm
Total here: 4
In Incidents.xml missing translation for: 
	LetterLabelPsychicSoothe
	LetterIncidentPsychicSoothe
	LetterLabelAnimalSelfTame
	LetterAnimalSelfTame
	LetterAnimalSelfTameAndNameNumerical
	LetterAnimalSelfTameAndName
	LetterLabelFarmAnimalsWanderIn
	LetterFarmAnimalsWanderIn
	LetterLabelThrumboPasses
	LetterThrumboPasses
Total here: 10
In ITabs.xml missing translation for: 
	TabTraining
	TrainableIntelligence
	CannotTrainNotSmartEnough
	CannotTrainTooSmall
	TrainingNeedsPrerequisite
Total here: 5
In Letters.xml missing translation for: 
	LetterLabelAnimalManhunterFromDamage
	AnimalManhunterFromDamage
	AnimalManhunterFromTaming
	AnimalManhunterOthers
Total here: 4
In Menus_Main.xml missing translation for: 
	OpenSteamWorkshop
	GetModsFromForum
	ConfirmDeleteMod
	Unsubscribe
	ConfirmUnsubscribe
	WorkshopPage
	UploadToSteamWorkshop
	UpdateOnSteamWorkshop
	UploadAlreadyInProgress
	WorkshopSubmissionFailed
	YouAgreeToSteamWorkshopLegal
	WorkshopUploadSucceeded
	DownloadingMod
	MustChooseDifficulty
	SelectRandomSite
Total here: 15
In Menus_OTabs.xml missing translation for: 
	AnimalsTab
	Master
Total here: 2
In Menu_KeyBindings.xml missing translation for: 
	KeyBindingOverwritten
Total here: 1
In Menu_Options.xml missing translation for: 
	Antialiasing
	ResetModsConfigOnCrash
	TemperatureMode
Total here: 3
In Messages.xml missing translation for: 
	MessageAnimalManhuntsOnTameFailed
	MessageTameSuccess
	MessageTameAndNameSuccess
	MessageMustDesignateTameable
	MessageMustDesignateSlaughterable
	MessageMustDesignateOpenable
	MessageMiscarriedStarvation
	MessageMiscarriedPoorHealth
	MessageGaveBirth
	MessageNuzzledPawnGaveNameTo
	MessageNoHandlerSkilledEnough
Total here: 11
In Misc.xml missing translation for: 
	LoggedIntoSteamAs
	SomeonesSomething
Total here: 2
In Misc_Gameplay.xml missing translation for: 
	AssignedColonist
	MilkFullness
	WoolGrowth
	EggProgress
	Fertilized
	ProgressStoppedUntilFertilized
	SkillTooLow
	TreatQuality
	PoorResult
	GoodResult
	TextMote_TreatSuccess
	TextMote_TreatFailed
	HarvestFailed
	TextMote_TameFail
	TextMote_TameSuccess
	TextMote_TrainFail
	TextMote_TrainSuccess
	Home
	NoRoof
	SnowClear
	AreaAnimalDefaultLabel
	NewAreaAnimal
	IsIncapableOfViolenceShort
	PawnMainDescFactionedWrap
	PawnMainDescLifestageWrap
	ShowRoomStatsToggleButton
	AutoHomeAreaToggleButton
	ShowAnimalNamesToggleButton
	UseArtifact
	InactiveFacility
Total here: 30
In Skills.xml missing translation for: 
	Shooting.description
	Melee.description
	Social.description
	Animals.skillLabel
	Animals.pawnLabel
	Animals.description
	Medicine.description
	Cooking.description
	Construction.description
	Growing.description
	Mining.description
	Artistic.description
	Crafting.description
	Research.description
Total here: 14
In Time.xml missing translation for: 
	Period1Month
	PeriodMonths
	Period1Day
	PeriodDays
	Period1Hour
	PeriodHours
	Started
	Lasted
Total here: 8
Total untranslated tags count: 770
In BodyPartGroups.xml overtranslation for: 
	Shoulders.label
Total here: 1
In Concepts_Alerts.xml overtranslation for: 
	WorkOverview.label
	rep_WorkOverview.helpTexts[0]
Total here: 2
In Concepts_Entry.xml overtranslation for: 
	rep_WorldCameraMovement.helpTexts[0]
Total here: 1
In Concepts_Noted.xml overtranslation for: 
	rep_CameraDolly.helpTexts[0]
	rep_Rescuing.helpTexts[0]
	rep_Capturing.helpTexts[0]
	rep_Capturing.helpTexts[1]
	rep_Drafting.helpTexts[0]
	rep_Drafting.helpTexts[1]
	rep_AnimalsDontAttackDoors.helpTexts[0]
	rep_BillsTab.helpTexts[0]
	rep_OpeningComms.helpTexts[0]
	rep_StorageTabCategories.helpTexts[0]
	rep_Mining.helpTexts[0]
	rep_Deterioration.helpTexts[0]
Total here: 12
In Concepts_TriggeredModal.xml overtranslation for: 
	rep_TradeGoodsMustBeNearBeacon.helpTexts[0]
	rep_ArrestingCreatesEnemies.helpTexts[0]
	rep_SwitchFlickingDesignation.helpTexts[0]
Total here: 3
In Hediffs_Drugs.xml overtranslation for: 
	rep_Alcohol.stages[0].label
	rep_Alcohol.stages[1].label
	rep_Alcohol.stages[2].label
	rep_Alcohol.stages[3].label
	rep_Alcohol.stages[4].label
	rep_Alcohol.stages[5].label
	rep_Hangover.stages[0].label
	rep_Hangover.stages[1].label
	rep_Hangover.stages[2].label
	rep_Hangover.stages[3].label
Total here: 10
In Hediffs_GlobalMisc.xml overtranslation for: 
	rep_BloodLoss.stages[0].label
	rep_BloodLoss.stages[1].label
	rep_BloodLoss.stages[2].label
	rep_BloodLoss.stages[3].label
	rep_BloodLoss.stages[4].label
	rep_ToxicBuildup.stages[0].label
	rep_ToxicBuildup.stages[1].label
	rep_ToxicBuildup.stages[2].label
	rep_ToxicBuildup.stages[3].label
	rep_ToxicBuildup.stages[4].label
	rep_ToxicBuildup.stages[5].label
Total here: 11
In Hediffs_Infections.xml overtranslation for: 
	rep_WoundInfection.stages[0].label
	rep_WoundInfection.stages[1].label
	rep_WoundInfection.stages[2].label
	rep_WoundInfection.stages[3].label
	rep_WoundInfection.stages[4].label
	rep_Flu.stages[0].label
	rep_Flu.stages[1].label
	rep_Flu.stages[2].label
	rep_Flu.stages[3].label
	rep_Flu.stages[4].label
	rep_Plague.stages[0].label
	rep_Plague.stages[1].label
	rep_Plague.stages[2].label
	rep_Plague.stages[3].label
	rep_Plague.stages[4].label
	rep_Plague.stages[5].label
	rep_Malaria.stages[0].label
	rep_Malaria.stages[1].label
	rep_Malaria.stages[2].label
	rep_Malaria.stages[3].label
	rep_Malaria.stages[4].label
	rep_SleepingSickness.stages[0].label
	rep_SleepingSickness.stages[1].label
	rep_SleepingSickness.stages[2].label
	rep_SleepingSickness.stages[3].label
	rep_SleepingSickness.stages[4].label
	rep_SleepingSickness.stages[5].label
	rep_SleepingSickness.stages[6].label
Total here: 28
In Hediffs_Needs.xml overtranslation for: 
	rep_Malnutrition.stages[0].label
	rep_Malnutrition.stages[1].label
	rep_Malnutrition.stages[2].label
	rep_Malnutrition.stages[3].label
	rep_Malnutrition.stages[4].label
Total here: 5
In Hediffs_Temperature.xml overtranslation for: 
	rep_Heatstroke.stages[0].label
	rep_Heatstroke.stages[1].label
	rep_Heatstroke.stages[2].label
	rep_Heatstroke.stages[3].label
	rep_Heatstroke.stages[4].label
	rep_Hypothermia.stages[0].label
	rep_Hypothermia.stages[1].label
	rep_Hypothermia.stages[2].label
	rep_Hypothermia.stages[3].label
	rep_Hypothermia.stages[4].label
Total here: 10
In Jobs_Misc.xml overtranslation for: 
	UseVerbOnThing.reportString
	OpenCryptosleepCasket.reportString
Total here: 2
In KeyBindings.xml overtranslation for: 
	ArchitectMode.label
Total here: 1
In RulePacks_NameMaker_World.xml overtranslation for: 
	rep_NamerWorld.rulePack.rulesStrings[0]
	rep_NamerWorld.rulePack.rulesStrings[1]
	rep_NamerWorld.rulePack.rulesStrings[2]
	rep_NamerWorld.rulePack.rulesStrings[3]
	rep_NamerWorld.rulePack.rulesStrings[4]
Total here: 5
In SpecialThingFilters.xml overtranslation for: 
	AllowBuried.label
	AllowBuried.description
Total here: 2
In ThingCategories.xml overtranslation for: 
	BodyParts.label
Total here: 1
In Buildings_Exotic.xml overtranslation for: 
	CrashedShipPart.label
	CrashedShipPart.description
Total here: 2
In Weapons_Grenades.xml overtranslation for: 
	rep_Weapon_GrenadeFrag.verbs[0].label
	rep_Weapon_GrenadeMolotov.verbs[0].label
	rep_Weapon_GrenadeEMP.verbs[0].label
Total here: 3
In Thoughts_Broken.xml overtranslation for: 
	rep_CurrentlyBrokenBerserk.stages[0].label
	rep_CurrentlyBrokenBerserk.stages[0].description
	rep_CurrentlyBrokenSad.stages[0].label
	rep_CurrentlyBrokenSad.stages[0].description
	rep_CurrentlyBrokenPanicFlee.stages[0].label
	rep_CurrentlyBrokenPanicFlee.stages[0].description
Total here: 6
In Thoughts_ConditionsDrugs.xml overtranslation for: 
	rep_Inebriated.stages[0].label
	rep_Inebriated.stages[0].description
	rep_Inebriated.stages[1].label
	rep_Inebriated.stages[1].description
	rep_Inebriated.stages[2].label
	rep_Inebriated.stages[2].description
	rep_Inebriated.stages[3].label
	rep_Inebriated.stages[3].description
	rep_Inebriated.stages[4].label
	rep_Inebriated.stages[4].description
	rep_Hungover.stages[0].label
	rep_Hungover.stages[0].description
	rep_Hungover.stages[1].label
	rep_Hungover.stages[1].description
	rep_Hungover.stages[2].label
	rep_Hungover.stages[2].description
	rep_Hungover.stages[3].label
	rep_Hungover.stages[3].description
Total here: 18
In Thoughts_ConditionsSpecial.xml overtranslation for: 
	rep_Imprisoned.stages[0].label
	rep_Imprisoned.stages[0].description
	rep_SharedBedroom.stages[0].label
	rep_SharedBedroom.stages[0].description
	rep_ColonistLeftUnburied.stages[0].label
	rep_ColonistLeftUnburied.stages[0].description
	rep_Naked.stages[0].label
	rep_Naked.stages[0].description
	rep_Pain.stages[0].label
	rep_Pain.stages[0].description
	rep_Pain.stages[1].label
	rep_Pain.stages[1].description
	rep_Pain.stages[2].label
	rep_Pain.stages[2].description
	rep_Pain.stages[3].label
	rep_Pain.stages[3].description
Total here: 16
In Thoughts_Debug.xml overtranslation for: 
	rep_DebugBad.stages[0].label
	rep_DebugBad.stages[0].description
	rep_DebugGood.stages[0].label
	rep_DebugGood.stages[0].description
Total here: 4
In Thoughts_Memories.xml overtranslation for: 
	rep_KnowPrisonerExecuted.stages[0].label
	rep_KnowPrisonerExecuted.stages[0].description
	rep_KnowPrisonerOrganHarvested.stages[0].label
	rep_KnowPrisonerOrganHarvested.stages[0].description
	rep_MePrisonerOrganHarvested.stages[0].label
	rep_MePrisonerOrganHarvested.stages[0].description
Total here: 6
In Thoughts_Needs.xml overtranslation for: 
	rep_JoyLevel.stages[0].label
	rep_JoyLevel.stages[0].description
	rep_JoyLevel.stages[1].label
	rep_JoyLevel.stages[1].description
	rep_JoyLevel.stages[2].label
	rep_JoyLevel.stages[2].description
	rep_JoyLevel.stages[3].label
	rep_JoyLevel.stages[3].description
	rep_JoyLevel.stages[4].label
	rep_JoyLevel.stages[4].description
	rep_ComfortLevel.stages[0].label
	rep_ComfortLevel.stages[0].description
	rep_ComfortLevel.stages[1].label
	rep_ComfortLevel.stages[1].description
	rep_ComfortLevel.stages[2].label
	rep_ComfortLevel.stages[2].description
	rep_ComfortLevel.stages[3].label
	rep_ComfortLevel.stages[3].description
	rep_ComfortLevel.stages[4].label
	rep_ComfortLevel.stages[4].description
	rep_Hungry.stages[0].label
	rep_Hungry.stages[0].description
	rep_Hungry.stages[1].label
	rep_Hungry.stages[1].description
	rep_Hungry.stages[2].label
	rep_Hungry.stages[2].description
	rep_Tired.stages[0].label
	rep_Tired.stages[0].description
	rep_Tired.stages[1].label
	rep_Tired.stages[1].description
	rep_Tired.stages[2].label
	rep_Tired.stages[2].description
	rep_EnvironmentUgly.stages[0].label
	rep_EnvironmentUgly.stages[0].description
	rep_EnvironmentUgly.stages[1].label
	rep_EnvironmentUgly.stages[1].description
	rep_EnvironmentUgly.stages[2].label
	rep_EnvironmentUgly.stages[2].description
	rep_EnvironmentPretty.stages[0].label
	rep_EnvironmentPretty.stages[0].description
	rep_EnvironmentPretty.stages[1].label
	rep_EnvironmentPretty.stages[1].description
	rep_EnvironmentPretty.stages[2].label
	rep_EnvironmentPretty.stages[2].description
	rep_EnvironmentCramped.stages[0].label
	rep_EnvironmentCramped.stages[0].description
	rep_EnvironmentCramped.stages[1].label
	rep_EnvironmentCramped.stages[1].description
	rep_EnvironmentSpaciousInterior.stages[0].label
	rep_EnvironmentSpaciousInterior.stages[0].description
Total here: 50
In Thoughts_PsychicDrone.xml overtranslation for: 
	rep_PsychicDrone.stages[0].label
	rep_PsychicDrone.stages[0].description
	rep_PsychicDrone.stages[1].label
	rep_PsychicDrone.stages[1].description
	rep_PsychicDrone.stages[2].label
	rep_PsychicDrone.stages[2].description
	rep_PsychicDrone.stages[3].label
	rep_PsychicDrone.stages[3].description
	rep_PsychicDrone.stages[4].label
	rep_PsychicDrone.stages[4].description
Total here: 10
In Thoughts_RandomMood.xml overtranslation for: 
	rep_FeelingRandom.stages[0].label
	rep_FeelingRandom.stages[0].description
	rep_FeelingRandom.stages[1].label
	rep_FeelingRandom.stages[1].description
	rep_FeelingRandom.stages[2].label
	rep_FeelingRandom.stages[2].description
	rep_FeelingRandom.stages[3].label
	rep_FeelingRandom.stages[3].description
Total here: 8
In Thoughts_TraitsConditional.xml overtranslation for: 
	rep_MasochistPain.stages[0].label
	rep_MasochistPain.stages[0].description
	rep_MasochistPain.stages[1].label
	rep_MasochistPain.stages[1].description
	rep_MasochistPain.stages[2].label
	rep_MasochistPain.stages[2].description
	rep_MasochistPain.stages[3].label
	rep_MasochistPain.stages[3].description
	rep_ProsthophileNoProsthetic.stages[0].label
	rep_ProsthophileNoProsthetic.stages[0].description
	rep_ProsthophileHappy.stages[0].label
	rep_ProsthophileHappy.stages[0].description
	rep_ProsthophobeUnhappy.stages[0].label
	rep_ProsthophobeUnhappy.stages[0].description
	rep_BrawlerUnhappy.stages[0].label
	rep_BrawlerUnhappy.stages[0].description
	rep_ClothedNudist.stages[0].label
	rep_ClothedNudist.stages[0].description
	rep_HappyNude.stages[0].label
	rep_HappyNude.stages[0].description
Total here: 20
In Thoughts_TraitsPermanent.xml overtranslation for: 
	rep_MoodOffsetSanguine.stages[0].label
	rep_MoodOffsetSanguine.stages[0].description
	rep_MoodOffsetOptimist.stages[0].label
	rep_MoodOffsetOptimist.stages[0].description
	rep_MoodOffsetPessimist.stages[0].label
	rep_MoodOffsetPessimist.stages[0].description
	rep_MoodOffsetDepressive.stages[0].label
	rep_MoodOffsetDepressive.stages[0].description
Total here: 8
In Traits_Singular.xml overtranslation for: 
	rep_Nudist.degreeDatas[0].label
	rep_Nudist.degreeDatas[0].description
	rep_Bloodlust.degreeDatas[0].label
	rep_Bloodlust.degreeDatas[0].description
	rep_Psychopath.degreeDatas[0].label
	rep_Psychopath.degreeDatas[0].description
	rep_Cannibal.degreeDatas[0].label
	rep_Cannibal.degreeDatas[0].description
	rep_Abrasive.degreeDatas[0].label
	rep_Abrasive.degreeDatas[0].description
	rep_TriggerHappy.degreeDatas[0].label
	rep_TriggerHappy.degreeDatas[0].description
	rep_CarefulShooter.degreeDatas[0].label
	rep_CarefulShooter.degreeDatas[0].description
	rep_TooSmart.degreeDatas[0].label
	rep_TooSmart.degreeDatas[0].description
	rep_Brawler.degreeDatas[0].label
	rep_Brawler.degreeDatas[0].description
	rep_Masochist.degreeDatas[0].label
	rep_Masochist.degreeDatas[0].description
	rep_Prosthophile.degreeDatas[0].label
	rep_Prosthophile.degreeDatas[0].description
	rep_Prosthophobe.degreeDatas[0].label
	rep_Prosthophobe.degreeDatas[0].description
	rep_GreenThumb.degreeDatas[0].label
	rep_GreenThumb.degreeDatas[0].description
Total here: 26
In Traits_Spectrum.xml overtranslation for: 
	rep_SpeedOffset.degreeDatas[0].label
	rep_SpeedOffset.degreeDatas[0].description
	rep_SpeedOffset.degreeDatas[1].label
	rep_SpeedOffset.degreeDatas[1].description
	rep_SpeedOffset.degreeDatas[2].label
	rep_SpeedOffset.degreeDatas[2].description
	rep_DrugDesire.degreeDatas[0].label
	rep_DrugDesire.degreeDatas[0].description
	rep_DrugDesire.degreeDatas[1].label
	rep_DrugDesire.degreeDatas[1].description
	rep_DrugDesire.degreeDatas[2].label
	rep_DrugDesire.degreeDatas[2].description
	rep_NaturalMood.degreeDatas[0].label
	rep_NaturalMood.degreeDatas[0].description
	rep_NaturalMood.degreeDatas[1].label
	rep_NaturalMood.degreeDatas[1].description
	rep_NaturalMood.degreeDatas[2].label
	rep_NaturalMood.degreeDatas[2].description
	rep_NaturalMood.degreeDatas[3].label
	rep_NaturalMood.degreeDatas[3].description
	rep_Nerves.degreeDatas[0].label
	rep_Nerves.degreeDatas[0].description
	rep_Nerves.degreeDatas[1].label
	rep_Nerves.degreeDatas[1].description
	rep_Nerves.degreeDatas[2].label
	rep_Nerves.degreeDatas[2].description
	rep_Nerves.degreeDatas[3].label
	rep_Nerves.degreeDatas[3].description
	rep_Neurotic.degreeDatas[0].label
	rep_Neurotic.degreeDatas[0].description
	rep_Neurotic.degreeDatas[1].label
	rep_Neurotic.degreeDatas[1].description
	rep_Industriousness.degreeDatas[0].label
	rep_Industriousness.degreeDatas[0].description
	rep_Industriousness.degreeDatas[1].label
	rep_Industriousness.degreeDatas[1].description
	rep_Industriousness.degreeDatas[2].label
	rep_Industriousness.degreeDatas[2].description
	rep_Industriousness.degreeDatas[3].label
	rep_Industriousness.degreeDatas[3].description
	rep_PsychicSensitivity.degreeDatas[0].label
	rep_PsychicSensitivity.degreeDatas[0].description
	rep_PsychicSensitivity.degreeDatas[1].label
	rep_PsychicSensitivity.degreeDatas[1].description
	rep_PsychicSensitivity.degreeDatas[2].label
	rep_PsychicSensitivity.degreeDatas[2].description
	rep_PsychicSensitivity.degreeDatas[3].label
	rep_PsychicSensitivity.degreeDatas[3].description
	rep_TemperaturePreference.degreeDatas[0].label
	rep_TemperaturePreference.degreeDatas[0].description
	rep_TemperaturePreference.degreeDatas[1].label
	rep_TemperaturePreference.degreeDatas[1].description
	rep_TemperaturePreference.degreeDatas[2].label
	rep_TemperaturePreference.degreeDatas[2].description
	rep_TemperaturePreference.degreeDatas[3].label
	rep_TemperaturePreference.degreeDatas[3].description
Total here: 56
In WorkGivers.xml overtranslation for: 
	HaulCorpses.verb
	HaulCorpses.gerund
	FinishUnfinishedSculptures.verb
	FinishUnfinishedSculptures.gerund
	FinishUnfinishedWeapons.verb
	FinishUnfinishedWeapons.gerund
	FinishUnfinishedApparel.verb
	FinishUnfinishedApparel.gerund
Total here: 8
In Designators.xml overtranslation for: 
	ManageAreaAlloweds
Total here: 1
In Dialogs_Various.xml overtranslation for: 
	OverviewOf
	ButcherYield
Total here: 2
In GameplayCommands.xml overtranslation for: 
	BedAssign
	CommandToggleDoorLock
	CommandToggleDoorLockDesc
Total here: 3
In Incidents.xml overtranslation for: 
	LetterLabelSpaceshipPartCrash
	SpaceshipPartCrash
Total here: 2
In Letters.xml overtranslation for: 
	LetterLabelAnimalBerserkFromDamage
	AnimalBerserkFromDamage
Total here: 2
In Menus_Main.xml overtranslation for: 
	GetMods
	MustChooseChallengeScale
Total here: 2
In Menu_Options.xml overtranslation for: 
	GraphicsQuality
	GraphicsQualityNormal
	GraphicsQualityGreat
	CurrentRes
	ChooseResolution
	CurrentHistoryUploadPref
Total here: 6
In Messages.xml overtranslation for: 
	MessagePoorlyTreated
	MessageWellTreated
Total here: 2
In Misc_Gameplay.xml overtranslation for: 
	hitPoints
	PawnMainDescWithFactionGendered
	PawnMainDescWithFactionGenderless
	PawnMainDescGenderless
	AutoHomeRegionToggleButton
Total here: 5
In PlayInterface.xml overtranslation for: 
	Overview
	OverviewTip
	ResearchTip
	MenuTip
	Architect
Total here: 5
==============================
Duplicated tags found: 
	Shooting.description

	Melee.description

	Social.description

	Animals.skillLabel

	Animals.pawnLabel

	Animals.description

	Medicine.description

	Cooking.description

	Construction.description

	Growing.description

	Mining.description

	Artistic.description

	Crafting.description

	Research.description

Total overtranslated tags count: 365
Execution time: 6.933000087738037s
